This is pdfTeX, Version 3.14159265-2.6-1.40.19 (TeX Live 2018) (preloaded format=pdflatex 2019.3.23)  4 JUN 2019 16:23
entering extended mode
 restricted \write18 enabled.
 %&-line parsing enabled.
**bk.tex
(./bk.tex
LaTeX2e <2018-04-01> patch level 2
Babel <3.18> and hyphenation patterns for 84 language(s) loaded.
(/usr/local/texlive/2018/texmf-dist/tex/latex/base/book.cls
Document Class: book 2014/09/29 v1.4h Standard LaTeX document class
(/usr/local/texlive/2018/texmf-dist/tex/latex/base/bk11.clo
File: bk11.clo 2014/09/29 v1.4h Standard LaTeX file (size option)
)
\c@part=\count80
\c@chapter=\count81
\c@section=\count82
\c@subsection=\count83
\c@subsubsection=\count84
\c@paragraph=\count85
\c@subparagraph=\count86
\c@figure=\count87
\c@table=\count88
\abovecaptionskip=\skip41
\belowcaptionskip=\skip42
\bibindent=\dimen102
)
(/usr/local/texlive/2018/texmf-dist/tex/latex/listings/listings.sty
(/usr/local/texlive/2018/texmf-dist/tex/latex/graphics/keyval.sty
Package: keyval 2014/10/28 v1.15 key=value parser (DPC)
\KV@toks@=\toks14
)
\lst@mode=\count89
\lst@gtempboxa=\box26
\lst@token=\toks15
\lst@length=\count90
\lst@currlwidth=\dimen103
\lst@column=\count91
\lst@pos=\count92
\lst@lostspace=\dimen104
\lst@width=\dimen105
\lst@newlines=\count93
\lst@lineno=\count94
\lst@maxwidth=\dimen106

(/usr/local/texlive/2018/texmf-dist/tex/latex/listings/lstmisc.sty
File: lstmisc.sty 2015/06/04 1.6 (Carsten Heinz)
\c@lstnumber=\count95
\lst@skipnumbers=\count96
\lst@framebox=\box27
)
(/usr/local/texlive/2018/texmf-dist/tex/latex/listings/listings.cfg
File: listings.cfg 2015/06/04 1.6 listings configuration
))
Package: listings 2015/06/04 1.6 (Carsten Heinz)

(/usr/local/texlive/2018/texmf-dist/tex/latex/base/inputenc.sty
Package: inputenc 2018/04/06 v1.3b Input encoding file
\inpenc@prehook=\toks16
\inpenc@posthook=\toks17
)
(/usr/local/texlive/2018/texmf-dist/tex/generic/babel/babel.sty
Package: babel 2018/02/14 3.18 The Babel package

(/usr/local/texlive/2018/texmf-dist/tex/generic/babel/switch.def
File: switch.def 2018/02/14 3.18 Babel switching mechanism
)
(/usr/local/texlive/2018/texmf-dist/tex/generic/babel-spanish/spanish.ldf
Language: spanish.ldf 2016/03/03 v5.0p Spanish support from the babel system

(/usr/local/texlive/2018/texmf-dist/tex/generic/babel/babel.def
File: babel.def 2018/02/14 3.18 Babel common definitions
\babel@savecnt=\count97
\U@D=\dimen107

(/usr/local/texlive/2018/texmf-dist/tex/generic/babel/txtbabel.def)
\bbl@dirlevel=\count98
)
\es@quottoks=\toks18
\es@quotdepth=\count99
Package babel Info: Making " an active character on input line 561.
Package babel Info: Making . an active character on input line 662.
Package babel Info: Making < an active character on input line 707.
Package babel Info: Making > an active character on input line 707.
))
(/usr/local/texlive/2018/texmf-dist/tex/latex/tools/dcolumn.sty
Package: dcolumn 2014/10/28 v1.06 decimal alignment package (DPC)

(/usr/local/texlive/2018/texmf-dist/tex/latex/tools/array.sty
Package: array 2018/04/07 v2.4g Tabular extension package (FMi)
\col@sep=\dimen108
\ar@mcellbox=\box28
\extrarowheight=\dimen109
\NC@list=\toks19
\extratabsurround=\skip43
\backup@length=\skip44
\ar@cellbox=\box29
))
(/usr/local/texlive/2018/texmf-dist/tex/latex/float/float.sty
Package: float 2001/11/08 v1.3d Float enhancements (AL)
\c@float@type=\count100
\float@exts=\toks20
\float@box=\box30
\@float@everytoks=\toks21
\@floatcapt=\box31
)
(/usr/local/texlive/2018/texmf-dist/tex/latex/tools/verbatim.sty
Package: verbatim 2014/10/28 v1.5q LaTeX2e package for verbatim enhancements
\every@verbatim=\toks22
\verbatim@line=\toks23
\verbatim@in@stream=\read1
)
(/usr/local/texlive/2018/texmf-dist/tex/latex/fancyhdr/fancyhdr.sty
Package: fancyhdr 2017/06/30 v3.9a Extensive control of page headers and footer
s
\f@nch@headwidth=\skip45
\f@nch@O@elh=\skip46
\f@nch@O@erh=\skip47
\f@nch@O@olh=\skip48
\f@nch@O@orh=\skip49
\f@nch@O@elf=\skip50
\f@nch@O@erf=\skip51
\f@nch@O@olf=\skip52
\f@nch@O@orf=\skip53
)
(/usr/local/texlive/2018/texmf-dist/tex/latex/graphics/graphicx.sty
Package: graphicx 2017/06/01 v1.1a Enhanced LaTeX Graphics (DPC,SPQR)

(/usr/local/texlive/2018/texmf-dist/tex/latex/graphics/graphics.sty
Package: graphics 2017/06/25 v1.2c Standard LaTeX Graphics (DPC,SPQR)

(/usr/local/texlive/2018/texmf-dist/tex/latex/graphics/trig.sty
Package: trig 2016/01/03 v1.10 sin cos tan (DPC)
)
(/usr/local/texlive/2018/texmf-dist/tex/latex/graphics-cfg/graphics.cfg
File: graphics.cfg 2016/06/04 v1.11 sample graphics configuration
)
Package graphics Info: Driver file: pdftex.def on input line 99.

(/usr/local/texlive/2018/texmf-dist/tex/latex/graphics-def/pdftex.def
File: pdftex.def 2018/01/08 v1.0l Graphics/color driver for pdftex
))
\Gin@req@height=\dimen110
\Gin@req@width=\dimen111
)
(/usr/local/texlive/2018/texmf-dist/tex/latex/tools/afterpage.sty
Package: afterpage 2014/10/28 v1.08 After-Page Package (DPC)
\AP@output=\toks24
\AP@partial=\box32
\AP@footins=\box33
)
(/usr/local/texlive/2018/texmf-dist/tex/latex/tools/longtable.sty
Package: longtable 2014/10/28 v4.11 Multi-page Table package (DPC)
\LTleft=\skip54
\LTright=\skip55
\LTpre=\skip56
\LTpost=\skip57
\LTchunksize=\count101
\LTcapwidth=\dimen112
\LT@head=\box34
\LT@firsthead=\box35
\LT@foot=\box36
\LT@lastfoot=\box37
\LT@cols=\count102
\LT@rows=\count103
\c@LT@tables=\count104
\c@LT@chunks=\count105
\LT@p@ftn=\toks25
)
(/usr/local/texlive/2018/texmf-dist/tex/latex/hyperref/hyperref.sty
Package: hyperref 2018/02/06 v6.86b Hypertext links for LaTeX

(/usr/local/texlive/2018/texmf-dist/tex/generic/oberdiek/hobsub-hyperref.sty
Package: hobsub-hyperref 2016/05/16 v1.14 Bundle oberdiek, subset hyperref (HO)


(/usr/local/texlive/2018/texmf-dist/tex/generic/oberdiek/hobsub-generic.sty
Package: hobsub-generic 2016/05/16 v1.14 Bundle oberdiek, subset generic (HO)
Package: hobsub 2016/05/16 v1.14 Construct package bundles (HO)
Package: infwarerr 2016/05/16 v1.4 Providing info/warning/error messages (HO)
Package: ltxcmds 2016/05/16 v1.23 LaTeX kernel commands for general use (HO)
Package: ifluatex 2016/05/16 v1.4 Provides the ifluatex switch (HO)
Package ifluatex Info: LuaTeX not detected.
Package: ifvtex 2016/05/16 v1.6 Detect VTeX and its facilities (HO)
Package ifvtex Info: VTeX not detected.
Package: intcalc 2016/05/16 v1.2 Expandable calculations with integers (HO)
Package: ifpdf 2017/03/15 v3.2 Provides the ifpdf switch
Package: etexcmds 2016/05/16 v1.6 Avoid name clashes with e-TeX commands (HO)
Package etexcmds Info: Could not find \expanded.
(etexcmds)             That can mean that you are not using pdfTeX 1.50 or
(etexcmds)             that some package has redefined \expanded.
(etexcmds)             In the latter case, load this package earlier.
Package: kvsetkeys 2016/05/16 v1.17 Key value parser (HO)
Package: kvdefinekeys 2016/05/16 v1.4 Define keys (HO)
Package: pdftexcmds 2018/01/30 v0.27 Utility functions of pdfTeX for LuaTeX (HO
)
Package pdftexcmds Info: LuaTeX not detected.
Package pdftexcmds Info: \pdf@primitive is available.
Package pdftexcmds Info: \pdf@ifprimitive is available.
Package pdftexcmds Info: \pdfdraftmode found.
Package: pdfescape 2016/05/16 v1.14 Implements pdfTeX's escape features (HO)
Package: bigintcalc 2016/05/16 v1.4 Expandable calculations on big integers (HO
)
Package: bitset 2016/05/16 v1.2 Handle bit-vector datatype (HO)
Package: uniquecounter 2016/05/16 v1.3 Provide unlimited unique counter (HO)
)
Package hobsub Info: Skipping package `hobsub' (already loaded).
Package: letltxmacro 2016/05/16 v1.5 Let assignment for LaTeX macros (HO)
Package: hopatch 2016/05/16 v1.3 Wrapper for package hooks (HO)
Package: xcolor-patch 2016/05/16 xcolor patch
Package: atveryend 2016/05/16 v1.9 Hooks at the very end of document (HO)
Package atveryend Info: \AP@enddocument detected (standard20110627).
Package: atbegshi 2016/06/09 v1.18 At begin shipout hook (HO)
Package: refcount 2016/05/16 v3.5 Data extraction from label references (HO)
Package: hycolor 2016/05/16 v1.8 Color options for hyperref/bookmark (HO)
)
(/usr/local/texlive/2018/texmf-dist/tex/generic/ifxetex/ifxetex.sty
Package: ifxetex 2010/09/12 v0.6 Provides ifxetex conditional
)
(/usr/local/texlive/2018/texmf-dist/tex/latex/oberdiek/auxhook.sty
Package: auxhook 2016/05/16 v1.4 Hooks for auxiliary files (HO)
)
(/usr/local/texlive/2018/texmf-dist/tex/latex/oberdiek/kvoptions.sty
Package: kvoptions 2016/05/16 v3.12 Key value format for package options (HO)
)
\@linkdim=\dimen113
\Hy@linkcounter=\count106
\Hy@pagecounter=\count107

(/usr/local/texlive/2018/texmf-dist/tex/latex/hyperref/pd1enc.def
File: pd1enc.def 2018/02/06 v6.86b Hyperref: PDFDocEncoding definition (HO)
Now handling font encoding PD1 ...
... no UTF-8 mapping file for font encoding PD1
)
\Hy@SavedSpaceFactor=\count108

(/usr/local/texlive/2018/texmf-dist/tex/latex/latexconfig/hyperref.cfg
File: hyperref.cfg 2002/06/06 v1.2 hyperref configuration of TeXLive
)

Package hyperref Warning: Invalid value `000'
(hyperref)                for option `pdfborder'.
(hyperref)                Option setting is ignored on input line 4383.

Package hyperref Info: Hyper figures OFF on input line 4509.
Package hyperref Info: Link nesting OFF on input line 4514.
Package hyperref Info: Hyper index ON on input line 4517.
Package hyperref Info: Plain pages OFF on input line 4524.
Package hyperref Info: Backreferencing OFF on input line 4529.
Package hyperref Info: Implicit mode ON; LaTeX internals redefined.
Package hyperref Info: Bookmarks ON on input line 4762.
\c@Hy@tempcnt=\count109
(/usr/local/texlive/2018/texmf-dist/tex/latex/url/url.sty
\Urlmuskip=\muskip10
Package: url 2013/09/16  ver 3.4  Verb mode for urls, etc.
)
LaTeX Info: Redefining \url on input line 5115.
\XeTeXLinkMargin=\dimen114
\Fld@menulength=\count110
\Field@Width=\dimen115
\Fld@charsize=\dimen116
Package hyperref Info: Hyper figures OFF on input line 6369.
Package hyperref Info: Link nesting OFF on input line 6374.
Package hyperref Info: Hyper index ON on input line 6377.
Package hyperref Info: backreferencing OFF on input line 6384.
Package hyperref Info: Link coloring OFF on input line 6389.
Package hyperref Info: Link coloring with OCG OFF on input line 6394.
Package hyperref Info: PDF/A mode OFF on input line 6399.
LaTeX Info: Redefining \ref on input line 6439.
LaTeX Info: Redefining \pageref on input line 6443.
\Hy@abspage=\count111
\c@Item=\count112
\c@Hfootnote=\count113
)
Package hyperref Info: Driver (autodetected): hpdftex.

(/usr/local/texlive/2018/texmf-dist/tex/latex/hyperref/hpdftex.def
File: hpdftex.def 2018/02/06 v6.86b Hyperref driver for pdfTeX
\Fld@listcount=\count114
\c@bookmark@seq@number=\count115

(/usr/local/texlive/2018/texmf-dist/tex/latex/oberdiek/rerunfilecheck.sty
Package: rerunfilecheck 2016/05/16 v1.8 Rerun checks for auxiliary files (HO)
Package uniquecounter Info: New unique counter `rerunfilecheck' on input line 2
82.
)
\Hy@SectionHShift=\skip58
)
(/usr/local/texlive/2018/texmf-dist/tex/latex/colortbl/colortbl.sty
Package: colortbl 2012/02/13 v1.0a Color table columns (DPC)

(/usr/local/texlive/2018/texmf-dist/tex/latex/graphics/color.sty
Package: color 2016/07/10 v1.1e Standard LaTeX Color (DPC)

(/usr/local/texlive/2018/texmf-dist/tex/latex/graphics-cfg/color.cfg
File: color.cfg 2016/01/02 v1.6 sample color configuration
)
Package color Info: Driver file: pdftex.def on input line 147.
)
\everycr=\toks26
\minrowclearance=\skip59
)
(/usr/local/texlive/2018/texmf-dist/tex/latex/footmisc/footmisc.sty
Package: footmisc 2011/06/06 v5.5b a miscellany of footnote facilities
\FN@temptoken=\toks27
\footnotemargin=\dimen117
\c@pp@next@reset=\count116
Package footmisc Info: Declaring symbol style bringhurst on input line 855.
Package footmisc Info: Declaring symbol style chicago on input line 863.
Package footmisc Info: Declaring symbol style wiley on input line 872.
Package footmisc Info: Declaring symbol style lamport-robust on input line 883.

Package footmisc Info: Declaring symbol style lamport* on input line 903.
Package footmisc Info: Declaring symbol style lamport*-robust on input line 924
.
)
\c@teorema=\count117
\c@ejemplo=\count118
\c@definicion=\count119

(/usr/local/texlive/2018/texmf-dist/tex/latex/pdfpages/pdfpages.sty
Package: pdfpages 2017/10/31 v0.5l Insert pages of external PDF documents (AM)

(/usr/local/texlive/2018/texmf-dist/tex/latex/base/ifthen.sty
Package: ifthen 2014/09/29 v1.1c Standard LaTeX ifthen package (DPC)
)
(/usr/local/texlive/2018/texmf-dist/tex/latex/tools/calc.sty
Package: calc 2017/05/25 v4.3 Infix arithmetic (KKT,FJ)
\calc@Acount=\count120
\calc@Bcount=\count121
\calc@Adimen=\dimen118
\calc@Bdimen=\dimen119
\calc@Askip=\skip60
\calc@Bskip=\skip61
LaTeX Info: Redefining \setlength on input line 80.
LaTeX Info: Redefining \addtolength on input line 81.
\calc@Ccount=\count122
\calc@Cskip=\skip62
)
(/usr/local/texlive/2018/texmf-dist/tex/latex/eso-pic/eso-pic.sty
Package: eso-pic 2015/07/21 v2.0g eso-pic (RN)
)
\AM@pagewidth=\dimen120
\AM@pageheight=\dimen121

(/usr/local/texlive/2018/texmf-dist/tex/latex/pdfpages/pppdftex.def
File: pppdftex.def 2017/10/31 v0.5l Pdfpages driver for pdfTeX (AM)
)
\AM@pagebox=\box38
\AM@global@opts=\toks28
\AM@toc@title=\toks29
\c@AM@survey=\count123
\AM@templatesizebox=\box39
)
No file bk.aux.
\openout1 = `bk.aux'.

LaTeX Font Info:    Checking defaults for OML/cmm/m/it on input line 174.
LaTeX Font Info:    ... okay on input line 174.
LaTeX Font Info:    Checking defaults for T1/cmr/m/n on input line 174.
LaTeX Font Info:    ... okay on input line 174.
LaTeX Font Info:    Checking defaults for OT1/cmr/m/n on input line 174.
LaTeX Font Info:    ... okay on input line 174.
LaTeX Font Info:    Checking defaults for OMS/cmsy/m/n on input line 174.
LaTeX Font Info:    ... okay on input line 174.
LaTeX Font Info:    Checking defaults for OMX/cmex/m/n on input line 174.
LaTeX Font Info:    ... okay on input line 174.
LaTeX Font Info:    Checking defaults for U/cmr/m/n on input line 174.
LaTeX Font Info:    ... okay on input line 174.
LaTeX Font Info:    Checking defaults for PD1/pdf/m/n on input line 174.
LaTeX Font Info:    ... okay on input line 174.
\c@lstlisting=\count124
LaTeX Info: Redefining \. on input line 174.
LaTeX Info: Redefining \% on input line 174.
(/usr/local/texlive/2018/texmf-dist/tex/context/base/mkii/supp-pdf.mkii
[Loading MPS to PDF converter (version 2006.09.02).]
\scratchcounter=\count125
\scratchdimen=\dimen122
\scratchbox=\box40
\nofMPsegments=\count126
\nofMParguments=\count127
\everyMPshowfont=\toks30
\MPscratchCnt=\count128
\MPscratchDim=\dimen123
\MPnumerator=\count129
\makeMPintoPDFobject=\count130
\everyMPtoPDFconversion=\toks31
) (/usr/local/texlive/2018/texmf-dist/tex/latex/oberdiek/epstopdf-base.sty
Package: epstopdf-base 2016/05/15 v2.6 Base part for package epstopdf

(/usr/local/texlive/2018/texmf-dist/tex/latex/oberdiek/grfext.sty
Package: grfext 2016/05/16 v1.2 Manage graphics extensions (HO)
)
Package epstopdf-base Info: Redefining graphics rule for `.eps' on input line 4
38.
Package grfext Info: Graphics extension search list:
(grfext)             [.pdf,.png,.jpg,.mps,.jpeg,.jbig2,.jb2,.PDF,.PNG,.JPG,.JPE
G,.JBIG2,.JB2,.eps]
(grfext)             \AppendGraphicsExtensions on input line 456.

(/usr/local/texlive/2018/texmf-dist/tex/latex/latexconfig/epstopdf-sys.cfg
File: epstopdf-sys.cfg 2010/07/13 v1.3 Configuration of (r)epstopdf for TeX Liv
e
))
\AtBeginShipoutBox=\box41
Package hyperref Info: Link coloring OFF on input line 174.

(/usr/local/texlive/2018/texmf-dist/tex/latex/hyperref/nameref.sty
Package: nameref 2016/05/21 v2.44 Cross-referencing by name of section

(/usr/local/texlive/2018/texmf-dist/tex/generic/oberdiek/gettitlestring.sty
Package: gettitlestring 2016/05/16 v1.5 Cleanup title references (HO)
)
\c@section@level=\count131
)
LaTeX Info: Redefining \ref on input line 174.
LaTeX Info: Redefining \pageref on input line 174.
LaTeX Info: Redefining \nameref on input line 174.
\@outlinefile=\write3
\openout3 = `bk.out'.


(/usr/local/texlive/2018/texmf-dist/tex/latex/oberdiek/pdflscape.sty
Package: pdflscape 2016/05/14 v0.11 Display of landscape pages in PDF (HO)

(/usr/local/texlive/2018/texmf-dist/tex/latex/graphics/lscape.sty
Package: lscape 2000/10/22 v3.01 Landscape Pages (DPC)
)
Package pdflscape Info: Auto-detected driver: pdftex on input line 81.
)
(./portada/portada.tex
\centeroffset=\skip63
<imagenes/Logo-uned.jpg, id=4, 602.25pt x 301.125pt>
File: imagenes/Logo-uned.jpg Graphic file (type jpg)
<use imagenes/Logo-uned.jpg>
Package pdftex.def Info: imagenes/Logo-uned.jpg  used on input line 12.
(pdftex.def)             Requested size: 251.9989pt x 125.99837pt.
LaTeX Font Info:    External font `cmex10' loaded for size
(Font)              <10.95> on input line 19.
LaTeX Font Info:    External font `cmex10' loaded for size
(Font)              <8> on input line 19.
LaTeX Font Info:    External font `cmex10' loaded for size
(Font)              <6> on input line 19.

Overfull \hbox (24.0pt too wide) in paragraph at lines 9--20
| $[]$ 
 []

<imagenes/Logo-master.png, id=5, 115.43124pt x 118.4425pt>
File: imagenes/Logo-master.png Graphic file (type png)
<use imagenes/Logo-master.png>
Package pdftex.def Info: imagenes/Logo-master.png  used on input line 27.
(pdftex.def)             Requested size: 108.0011pt x 110.81906pt.

Overfull \hbox (24.0pt too wide) in paragraph at lines 22--34
| $[]$ 
 []

Package babel Info: Redefining spanish shorthand <<
(babel)             in language  on input line 34.
Package babel Info: Redefining spanish shorthand >>
(babel)             in language  on input line 34.
Package babel Info: Redefining spanish shorthand "=
(babel)             in language  on input line 34.
Package babel Info: Redefining spanish shorthand "~
(babel)             in language  on input line 34.
Package babel Info: Redefining spanish shorthand "!
(babel)             in language  on input line 34.
Package babel Info: Redefining spanish shorthand "?
(babel)             in language  on input line 34.
Package babel Info: Redefining spanish shorthand <<
(babel)             in language  on input line 34.
Package babel Info: Redefining spanish shorthand >>
(babel)             in language  on input line 34.
Package babel Info: Redefining spanish shorthand "=
(babel)             in language  on input line 34.
Package babel Info: Redefining spanish shorthand "~
(babel)             in language  on input line 34.
Package babel Info: Redefining spanish shorthand "!
(babel)             in language  on input line 34.
Package babel Info: Redefining spanish shorthand "?
(babel)             in language  on input line 34.
[1


{/usr/local/texlive/2018/texmf-var/fonts/map/pdftex/updmap/pdftex.map} <./image
nes/Logo-uned.jpg> <./imagenes/Logo-master.png>])
Package babel Info: Redefining spanish shorthand <<
(babel)             in language  on input line 178.
Package babel Info: Redefining spanish shorthand >>
(babel)             in language  on input line 178.
Package babel Info: Redefining spanish shorthand "=
(babel)             in language  on input line 178.
Package babel Info: Redefining spanish shorthand "~
(babel)             in language  on input line 178.
Package babel Info: Redefining spanish shorthand "!
(babel)             in language  on input line 178.
Package babel Info: Redefining spanish shorthand "?
(babel)             in language  on input line 178.
Package babel Info: Redefining spanish shorthand <<
(babel)             in language  on input line 178.
Package babel Info: Redefining spanish shorthand >>
(babel)             in language  on input line 178.
Package babel Info: Redefining spanish shorthand "=
(babel)             in language  on input line 178.
Package babel Info: Redefining spanish shorthand "~
(babel)             in language  on input line 178.
Package babel Info: Redefining spanish shorthand "!
(babel)             in language  on input line 178.
Package babel Info: Redefining spanish shorthand "?
(babel)             in language  on input line 178.
 [2

]
\tf@toc=\write4
\openout4 = `bk.toc'.

Package babel Info: Redefining spanish shorthand <<
(babel)             in language  on input line 179.
Package babel Info: Redefining spanish shorthand >>
(babel)             in language  on input line 179.
Package babel Info: Redefining spanish shorthand "=
(babel)             in language  on input line 179.
Package babel Info: Redefining spanish shorthand "~
(babel)             in language  on input line 179.
Package babel Info: Redefining spanish shorthand "!
(babel)             in language  on input line 179.
Package babel Info: Redefining spanish shorthand "?
(babel)             in language  on input line 179.
Package babel Info: Redefining spanish shorthand <<
(babel)             in language  on input line 179.
Package babel Info: Redefining spanish shorthand >>
(babel)             in language  on input line 179.
Package babel Info: Redefining spanish shorthand "=
(babel)             in language  on input line 179.
Package babel Info: Redefining spanish shorthand "~
(babel)             in language  on input line 179.
Package babel Info: Redefining spanish shorthand "!
(babel)             in language  on input line 179.
Package babel Info: Redefining spanish shorthand "?
(babel)             in language  on input line 179.
 [3]
Package babel Info: Redefining spanish shorthand <<
(babel)             in language  on input line 179.
Package babel Info: Redefining spanish shorthand >>
(babel)             in language  on input line 179.
Package babel Info: Redefining spanish shorthand "=
(babel)             in language  on input line 179.
Package babel Info: Redefining spanish shorthand "~
(babel)             in language  on input line 179.
Package babel Info: Redefining spanish shorthand "!
(babel)             in language  on input line 179.
Package babel Info: Redefining spanish shorthand "?
(babel)             in language  on input line 179.
Package babel Info: Redefining spanish shorthand <<
(babel)             in language  on input line 179.
Package babel Info: Redefining spanish shorthand >>
(babel)             in language  on input line 179.
Package babel Info: Redefining spanish shorthand "=
(babel)             in language  on input line 179.
Package babel Info: Redefining spanish shorthand "~
(babel)             in language  on input line 179.
Package babel Info: Redefining spanish shorthand "!
(babel)             in language  on input line 179.
Package babel Info: Redefining spanish shorthand "?
(babel)             in language  on input line 179.
 [4

]
\tf@lof=\write5
\openout5 = `bk.lof'.

Package babel Info: Redefining spanish shorthand <<
(babel)             in language  on input line 189.
Package babel Info: Redefining spanish shorthand >>
(babel)             in language  on input line 189.
Package babel Info: Redefining spanish shorthand "=
(babel)             in language  on input line 189.
Package babel Info: Redefining spanish shorthand "~
(babel)             in language  on input line 189.
Package babel Info: Redefining spanish shorthand "!
(babel)             in language  on input line 189.
Package babel Info: Redefining spanish shorthand "?
(babel)             in language  on input line 189.
Package babel Info: Redefining spanish shorthand <<
(babel)             in language  on input line 189.
Package babel Info: Redefining spanish shorthand >>
(babel)             in language  on input line 189.
Package babel Info: Redefining spanish shorthand "=
(babel)             in language  on input line 189.
Package babel Info: Redefining spanish shorthand "~
(babel)             in language  on input line 189.
Package babel Info: Redefining spanish shorthand "!
(babel)             in language  on input line 189.
Package babel Info: Redefining spanish shorthand "?
(babel)             in language  on input line 189.
 [5]
Package babel Info: Redefining spanish shorthand <<
(babel)             in language  on input line 189.
Package babel Info: Redefining spanish shorthand >>
(babel)             in language  on input line 189.
Package babel Info: Redefining spanish shorthand "=
(babel)             in language  on input line 189.
Package babel Info: Redefining spanish shorthand "~
(babel)             in language  on input line 189.
Package babel Info: Redefining spanish shorthand "!
(babel)             in language  on input line 189.
Package babel Info: Redefining spanish shorthand "?
(babel)             in language  on input line 189.
Package babel Info: Redefining spanish shorthand <<
(babel)             in language  on input line 189.
Package babel Info: Redefining spanish shorthand >>
(babel)             in language  on input line 189.
Package babel Info: Redefining spanish shorthand "=
(babel)             in language  on input line 189.
Package babel Info: Redefining spanish shorthand "~
(babel)             in language  on input line 189.
Package babel Info: Redefining spanish shorthand "!
(babel)             in language  on input line 189.
Package babel Info: Redefining spanish shorthand "?
(babel)             in language  on input line 189.
 [6

]
Cap\'{\i }tulo 1.
Package babel Info: Redefining spanish shorthand <<
(babel)             in language  on input line 189.
Package babel Info: Redefining spanish shorthand >>
(babel)             in language  on input line 189.
Package babel Info: Redefining spanish shorthand "=
(babel)             in language  on input line 189.
Package babel Info: Redefining spanish shorthand "~
(babel)             in language  on input line 189.
Package babel Info: Redefining spanish shorthand "!
(babel)             in language  on input line 189.
Package babel Info: Redefining spanish shorthand "?
(babel)             in language  on input line 189.
Package babel Info: Redefining spanish shorthand <<
(babel)             in language  on input line 196.
Package babel Info: Redefining spanish shorthand >>
(babel)             in language  on input line 196.
Package babel Info: Redefining spanish shorthand "=
(babel)             in language  on input line 196.
Package babel Info: Redefining spanish shorthand "~
(babel)             in language  on input line 196.
Package babel Info: Redefining spanish shorthand "!
(babel)             in language  on input line 196.
Package babel Info: Redefining spanish shorthand "?
(babel)             in language  on input line 196.
Package babel Info: Redefining spanish shorthand <<
(babel)             in language  on input line 196.
Package babel Info: Redefining spanish shorthand >>
(babel)             in language  on input line 196.
Package babel Info: Redefining spanish shorthand "=
(babel)             in language  on input line 196.
Package babel Info: Redefining spanish shorthand "~
(babel)             in language  on input line 196.
Package babel Info: Redefining spanish shorthand "!
(babel)             in language  on input line 196.
Package babel Info: Redefining spanish shorthand "?
(babel)             in language  on input line 196.
[7]
Package babel Info: Redefining spanish shorthand <<
(babel)             in language  on input line 196.
Package babel Info: Redefining spanish shorthand >>
(babel)             in language  on input line 196.
Package babel Info: Redefining spanish shorthand "=
(babel)             in language  on input line 196.
Package babel Info: Redefining spanish shorthand "~
(babel)             in language  on input line 196.
Package babel Info: Redefining spanish shorthand "!
(babel)             in language  on input line 196.
Package babel Info: Redefining spanish shorthand "?
(babel)             in language  on input line 196.
Package babel Info: Redefining spanish shorthand <<
(babel)             in language  on input line 196.
Package babel Info: Redefining spanish shorthand >>
(babel)             in language  on input line 196.
Package babel Info: Redefining spanish shorthand "=
(babel)             in language  on input line 196.
Package babel Info: Redefining spanish shorthand "~
(babel)             in language  on input line 196.
Package babel Info: Redefining spanish shorthand "!
(babel)             in language  on input line 196.
Package babel Info: Redefining spanish shorthand "?
(babel)             in language  on input line 196.
 [8

]
Cap\'{\i }tulo 2.
Package babel Info: Redefining spanish shorthand <<
(babel)             in language  on input line 196.
Package babel Info: Redefining spanish shorthand >>
(babel)             in language  on input line 196.
Package babel Info: Redefining spanish shorthand "=
(babel)             in language  on input line 196.
Package babel Info: Redefining spanish shorthand "~
(babel)             in language  on input line 196.
Package babel Info: Redefining spanish shorthand "!
(babel)             in language  on input line 196.
Package babel Info: Redefining spanish shorthand "?
(babel)             in language  on input line 196.
Package babel Info: Redefining spanish shorthand <<
(babel)             in language  on input line 206.
Package babel Info: Redefining spanish shorthand >>
(babel)             in language  on input line 206.
Package babel Info: Redefining spanish shorthand "=
(babel)             in language  on input line 206.
Package babel Info: Redefining spanish shorthand "~
(babel)             in language  on input line 206.
Package babel Info: Redefining spanish shorthand "!
(babel)             in language  on input line 206.
Package babel Info: Redefining spanish shorthand "?
(babel)             in language  on input line 206.
Package babel Info: Redefining spanish shorthand <<
(babel)             in language  on input line 206.
Package babel Info: Redefining spanish shorthand >>
(babel)             in language  on input line 206.
Package babel Info: Redefining spanish shorthand "=
(babel)             in language  on input line 206.
Package babel Info: Redefining spanish shorthand "~
(babel)             in language  on input line 206.
Package babel Info: Redefining spanish shorthand "!
(babel)             in language  on input line 206.
Package babel Info: Redefining spanish shorthand "?
(babel)             in language  on input line 206.
[9]
Package babel Info: Redefining spanish shorthand <<
(babel)             in language  on input line 211.
Package babel Info: Redefining spanish shorthand >>
(babel)             in language  on input line 211.
Package babel Info: Redefining spanish shorthand "=
(babel)             in language  on input line 211.
Package babel Info: Redefining spanish shorthand "~
(babel)             in language  on input line 211.
Package babel Info: Redefining spanish shorthand "!
(babel)             in language  on input line 211.
Package babel Info: Redefining spanish shorthand "?
(babel)             in language  on input line 211.
Package babel Info: Redefining spanish shorthand <<
(babel)             in language  on input line 211.
Package babel Info: Redefining spanish shorthand >>
(babel)             in language  on input line 211.
Package babel Info: Redefining spanish shorthand "=
(babel)             in language  on input line 211.
Package babel Info: Redefining spanish shorthand "~
(babel)             in language  on input line 211.
Package babel Info: Redefining spanish shorthand "!
(babel)             in language  on input line 211.
Package babel Info: Redefining spanish shorthand "?
(babel)             in language  on input line 211.
 [10]
Cap\'{\i }tulo 3.
Package babel Info: Redefining spanish shorthand <<
(babel)             in language  on input line 211.
Package babel Info: Redefining spanish shorthand >>
(babel)             in language  on input line 211.
Package babel Info: Redefining spanish shorthand "=
(babel)             in language  on input line 211.
Package babel Info: Redefining spanish shorthand "~
(babel)             in language  on input line 211.
Package babel Info: Redefining spanish shorthand "!
(babel)             in language  on input line 211.
Package babel Info: Redefining spanish shorthand "?
(babel)             in language  on input line 211.
Package babel Info: Redefining spanish shorthand <<
(babel)             in language  on input line 220.
Package babel Info: Redefining spanish shorthand >>
(babel)             in language  on input line 220.
Package babel Info: Redefining spanish shorthand "=
(babel)             in language  on input line 220.
Package babel Info: Redefining spanish shorthand "~
(babel)             in language  on input line 220.
Package babel Info: Redefining spanish shorthand "!
(babel)             in language  on input line 220.
Package babel Info: Redefining spanish shorthand "?
(babel)             in language  on input line 220.
Package babel Info: Redefining spanish shorthand <<
(babel)             in language  on input line 224.
Package babel Info: Redefining spanish shorthand >>
(babel)             in language  on input line 224.
Package babel Info: Redefining spanish shorthand "=
(babel)             in language  on input line 224.
Package babel Info: Redefining spanish shorthand "~
(babel)             in language  on input line 224.
Package babel Info: Redefining spanish shorthand "!
(babel)             in language  on input line 224.
Package babel Info: Redefining spanish shorthand "?
(babel)             in language  on input line 224.
Package babel Info: Redefining spanish shorthand <<
(babel)             in language  on input line 224.
Package babel Info: Redefining spanish shorthand >>
(babel)             in language  on input line 224.
Package babel Info: Redefining spanish shorthand "=
(babel)             in language  on input line 224.
Package babel Info: Redefining spanish shorthand "~
(babel)             in language  on input line 224.
Package babel Info: Redefining spanish shorthand "!
(babel)             in language  on input line 224.
Package babel Info: Redefining spanish shorthand "?
(babel)             in language  on input line 224.
[11

]
<imagenes/scrum.jpg, id=63, 722.7pt x 406.51875pt>
File: imagenes/scrum.jpg Graphic file (type jpg)
<use imagenes/scrum.jpg>
Package pdftex.def Info: imagenes/scrum.jpg  used on input line 229.
(pdftex.def)             Requested size: 252.94878pt x 142.28369pt.


LaTeX Warning: Citation `scrum' on page 12 undefined on input line 230.

<imagenes/kamban.jpg, id=64, 612.2875pt x 612.2875pt>
File: imagenes/kamban.jpg Graphic file (type jpg)
<use imagenes/kamban.jpg>
Package pdftex.def Info: imagenes/kamban.jpg  used on input line 240.
(pdftex.def)             Requested size: 214.30383pt x 214.30383pt.

LaTeX Warning: Citation `kanban' on page 12 undefined on input line 241.


Underfull \vbox (badness 10000) has occurred while \output is active []

LaTeX Info: Redefining \. on input line 243.
LaTeX Info: Redefining \% on input line 243.
Package babel Info: Redefining spanish shorthand <<
(babel)             in language  on input line 243.
Package babel Info: Redefining spanish shorthand >>
(babel)             in language  on input line 243.
Package babel Info: Redefining spanish shorthand "=
(babel)             in language  on input line 243.
Package babel Info: Redefining spanish shorthand "~
(babel)             in language  on input line 243.
Package babel Info: Redefining spanish shorthand "!
(babel)             in language  on input line 243.
Package babel Info: Redefining spanish shorthand "?
(babel)             in language  on input line 243.
Package babel Info: Redefining spanish shorthand <<
(babel)             in language  on input line 243.
Package babel Info: Redefining spanish shorthand >>
(babel)             in language  on input line 243.
Package babel Info: Redefining spanish shorthand "=
(babel)             in language  on input line 243.
Package babel Info: Redefining spanish shorthand "~
(babel)             in language  on input line 243.
Package babel Info: Redefining spanish shorthand "!
(babel)             in language  on input line 243.
Package babel Info: Redefining spanish shorthand "?
(babel)             in language  on input line 243.
 [12 <./imagenes/scrum.jpg>]
<imagenes/lean.png, id=71, 1686.3pt x 752.8125pt>
File: imagenes/lean.png Graphic file (type png)
<use imagenes/lean.png>
Package pdftex.def Info: imagenes/lean.png  used on input line 249.
(pdftex.def)             Requested size: 590.21385pt x 263.48831pt.

Overfull \hbox (230.21385pt too wide) in paragraph at lines 249--250
 [][] 
 []


LaTeX Warning: Citation `lean' on page 13 undefined on input line 250.


Underfull \vbox (badness 10000) has occurred while \output is active []

LaTeX Info: Redefining \. on input line 252.
LaTeX Info: Redefining \% on input line 252.
Package babel Info: Redefining spanish shorthand <<
(babel)             in language  on input line 252.
Package babel Info: Redefining spanish shorthand >>
(babel)             in language  on input line 252.
Package babel Info: Redefining spanish shorthand "=
(babel)             in language  on input line 252.
Package babel Info: Redefining spanish shorthand "~
(babel)             in language  on input line 252.
Package babel Info: Redefining spanish shorthand "!
(babel)             in language  on input line 252.
Package babel Info: Redefining spanish shorthand "?
(babel)             in language  on input line 252.
Package babel Info: Redefining spanish shorthand <<
(babel)             in language  on input line 252.
Package babel Info: Redefining spanish shorthand >>
(babel)             in language  on input line 252.
Package babel Info: Redefining spanish shorthand "=
(babel)             in language  on input line 252.
Package babel Info: Redefining spanish shorthand "~
(babel)             in language  on input line 252.
Package babel Info: Redefining spanish shorthand "!
(babel)             in language  on input line 252.
Package babel Info: Redefining spanish shorthand "?
(babel)             in language  on input line 252.
 [13 <./imagenes/kamban.jpg>]

LaTeX Warning: Citation `xp' on page 14 undefined on input line 254.

<imagenes/xp.png, id=80, 723.70375pt x 540.0175pt>
File: imagenes/xp.png Graphic file (type png)
<use imagenes/xp.png>
Package pdftex.def Info: imagenes/xp.png  used on input line 260.
(pdftex.def)             Requested size: 253.30011pt x 189.00896pt.

LaTeX Warning: Citation `xp2' on page 14 undefined on input line 261.


Underfull \vbox (badness 10000) has occurred while \output is active []

LaTeX Info: Redefining \. on input line 263.
LaTeX Info: Redefining \% on input line 263.
Package babel Info: Redefining spanish shorthand <<
(babel)             in language  on input line 263.
Package babel Info: Redefining spanish shorthand >>
(babel)             in language  on input line 263.
Package babel Info: Redefining spanish shorthand "=
(babel)             in language  on input line 263.
Package babel Info: Redefining spanish shorthand "~
(babel)             in language  on input line 263.
Package babel Info: Redefining spanish shorthand "!
(babel)             in language  on input line 263.
Package babel Info: Redefining spanish shorthand "?
(babel)             in language  on input line 263.
Package babel Info: Redefining spanish shorthand <<
(babel)             in language  on input line 263.
Package babel Info: Redefining spanish shorthand >>
(babel)             in language  on input line 263.
Package babel Info: Redefining spanish shorthand "=
(babel)             in language  on input line 263.
Package babel Info: Redefining spanish shorthand "~
(babel)             in language  on input line 263.
Package babel Info: Redefining spanish shorthand "!
(babel)             in language  on input line 263.
Package babel Info: Redefining spanish shorthand "?
(babel)             in language  on input line 263.
 [14 <./imagenes/lean.png>]
Package babel Info: Redefining spanish shorthand <<
(babel)             in language  on input line 267.
Package babel Info: Redefining spanish shorthand >>
(babel)             in language  on input line 267.
Package babel Info: Redefining spanish shorthand "=
(babel)             in language  on input line 267.
Package babel Info: Redefining spanish shorthand "~
(babel)             in language  on input line 267.
Package babel Info: Redefining spanish shorthand "!
(babel)             in language  on input line 267.
Package babel Info: Redefining spanish shorthand "?
(babel)             in language  on input line 267.
Package babel Info: Redefining spanish shorthand <<
(babel)             in language  on input line 280.
Package babel Info: Redefining spanish shorthand >>
(babel)             in language  on input line 280.
Package babel Info: Redefining spanish shorthand "=
(babel)             in language  on input line 280.
Package babel Info: Redefining spanish shorthand "~
(babel)             in language  on input line 280.
Package babel Info: Redefining spanish shorthand "!
(babel)             in language  on input line 280.
Package babel Info: Redefining spanish shorthand "?
(babel)             in language  on input line 280.
LaTeX Info: Redefining \. on input line 283.
LaTeX Info: Redefining \% on input line 283.
Package babel Info: Redefining spanish shorthand <<
(babel)             in language  on input line 283.
Package babel Info: Redefining spanish shorthand >>
(babel)             in language  on input line 283.
Package babel Info: Redefining spanish shorthand "=
(babel)             in language  on input line 283.
Package babel Info: Redefining spanish shorthand "~
(babel)             in language  on input line 283.
Package babel Info: Redefining spanish shorthand "!
(babel)             in language  on input line 283.
Package babel Info: Redefining spanish shorthand "?
(babel)             in language  on input line 283.
Package babel Info: Redefining spanish shorthand <<
(babel)             in language  on input line 283.
Package babel Info: Redefining spanish shorthand >>
(babel)             in language  on input line 283.
Package babel Info: Redefining spanish shorthand "=
(babel)             in language  on input line 283.
Package babel Info: Redefining spanish shorthand "~
(babel)             in language  on input line 283.
Package babel Info: Redefining spanish shorthand "!
(babel)             in language  on input line 283.
Package babel Info: Redefining spanish shorthand "?
(babel)             in language  on input line 283.
 [15 <./imagenes/xp.png>]
<imagenes/micro.png, id=100, 889.3225pt x 540.0175pt>
File: imagenes/micro.png Graphic file (type png)
<use imagenes/micro.png>
Package pdftex.def Info: imagenes/micro.png  used on input line 288.
(pdftex.def)             Requested size: 311.26753pt x 189.00896pt.


LaTeX Warning: Citation `micro' on page 16 undefined on input line 289.

Package babel Info: Redefining spanish shorthand <<
(babel)             in language  on input line 292.
Package babel Info: Redefining spanish shorthand >>
(babel)             in language  on input line 292.
Package babel Info: Redefining spanish shorthand "=
(babel)             in language  on input line 292.
Package babel Info: Redefining spanish shorthand "~
(babel)             in language  on input line 292.
Package babel Info: Redefining spanish shorthand "!
(babel)             in language  on input line 292.
Package babel Info: Redefining spanish shorthand "?
(babel)             in language  on input line 292.
LaTeX Info: Redefining \. on input line 295.
LaTeX Info: Redefining \% on input line 295.
Package babel Info: Redefining spanish shorthand <<
(babel)             in language  on input line 295.
Package babel Info: Redefining spanish shorthand >>
(babel)             in language  on input line 295.
Package babel Info: Redefining spanish shorthand "=
(babel)             in language  on input line 295.
Package babel Info: Redefining spanish shorthand "~
(babel)             in language  on input line 295.
Package babel Info: Redefining spanish shorthand "!
(babel)             in language  on input line 295.
Package babel Info: Redefining spanish shorthand "?
(babel)             in language  on input line 295.
Package babel Info: Redefining spanish shorthand <<
(babel)             in language  on input line 295.
Package babel Info: Redefining spanish shorthand >>
(babel)             in language  on input line 295.
Package babel Info: Redefining spanish shorthand "=
(babel)             in language  on input line 295.
Package babel Info: Redefining spanish shorthand "~
(babel)             in language  on input line 295.
Package babel Info: Redefining spanish shorthand "!
(babel)             in language  on input line 295.
Package babel Info: Redefining spanish shorthand "?
(babel)             in language  on input line 295.
[16 <./imagenes/micro.png>]
LaTeX Info: Redefining \. on input line 302.
LaTeX Info: Redefining \% on input line 302.
Package babel Info: Redefining spanish shorthand <<
(babel)             in language  on input line 302.
Package babel Info: Redefining spanish shorthand >>
(babel)             in language  on input line 302.
Package babel Info: Redefining spanish shorthand "=
(babel)             in language  on input line 302.
Package babel Info: Redefining spanish shorthand "~
(babel)             in language  on input line 302.
Package babel Info: Redefining spanish shorthand "!
(babel)             in language  on input line 302.
Package babel Info: Redefining spanish shorthand "?
(babel)             in language  on input line 302.
Package babel Info: Redefining spanish shorthand <<
(babel)             in language  on input line 302.
Package babel Info: Redefining spanish shorthand >>
(babel)             in language  on input line 302.
Package babel Info: Redefining spanish shorthand "=
(babel)             in language  on input line 302.
Package babel Info: Redefining spanish shorthand "~
(babel)             in language  on input line 302.
Package babel Info: Redefining spanish shorthand "!
(babel)             in language  on input line 302.
Package babel Info: Redefining spanish shorthand "?
(babel)             in language  on input line 302.
 [17]
Package babel Info: Redefining spanish shorthand <<
(babel)             in language  on input line 302.
Package babel Info: Redefining spanish shorthand >>
(babel)             in language  on input line 302.
Package babel Info: Redefining spanish shorthand "=
(babel)             in language  on input line 302.
Package babel Info: Redefining spanish shorthand "~
(babel)             in language  on input line 302.
Package babel Info: Redefining spanish shorthand "!
(babel)             in language  on input line 302.
Package babel Info: Redefining spanish shorthand "?
(babel)             in language  on input line 302.
Package babel Info: Redefining spanish shorthand <<
(babel)             in language  on input line 302.
Package babel Info: Redefining spanish shorthand >>
(babel)             in language  on input line 302.
Package babel Info: Redefining spanish shorthand "=
(babel)             in language  on input line 302.
Package babel Info: Redefining spanish shorthand "~
(babel)             in language  on input line 302.
Package babel Info: Redefining spanish shorthand "!
(babel)             in language  on input line 302.
Package babel Info: Redefining spanish shorthand "?
(babel)             in language  on input line 302.
 [18

]
Cap\'{\i }tulo 4.
Package babel Info: Redefining spanish shorthand <<
(babel)             in language  on input line 302.
Package babel Info: Redefining spanish shorthand >>
(babel)             in language  on input line 302.
Package babel Info: Redefining spanish shorthand "=
(babel)             in language  on input line 302.
Package babel Info: Redefining spanish shorthand "~
(babel)             in language  on input line 302.
Package babel Info: Redefining spanish shorthand "!
(babel)             in language  on input line 302.
Package babel Info: Redefining spanish shorthand "?
(babel)             in language  on input line 302.
Package babel Info: Redefining spanish shorthand <<
(babel)             in language  on input line 306.
Package babel Info: Redefining spanish shorthand >>
(babel)             in language  on input line 306.
Package babel Info: Redefining spanish shorthand "=
(babel)             in language  on input line 306.
Package babel Info: Redefining spanish shorthand "~
(babel)             in language  on input line 306.
Package babel Info: Redefining spanish shorthand "!
(babel)             in language  on input line 306.
Package babel Info: Redefining spanish shorthand "?
(babel)             in language  on input line 306.

LaTeX Warning: Citation `go' on page 19 undefined on input line 308.


LaTeX Warning: Citation `csp' on page 19 undefined on input line 313.


Overfull \hbox (29.07396pt too wide) in paragraph at lines 313--314
[]\OT1/cmr/m/n/10.95 Concurrente: Est^^Sa ins-pi-ra-do en CSP - Com-mu-ni-ca-ti
ng se-quen-tial processes[[]] 
 []


LaTeX Warning: Citation `js' on page 19 undefined on input line 317.


LaTeX Warning: Citation `node' on page 19 undefined on input line 317.


LaTeX Warning: Citation `bash' on page 19 undefined on input line 319.


LaTeX Warning: Citation `curl' on page 19 undefined on input line 319.

Package babel Info: Redefining spanish shorthand <<
(babel)             in language  on input line 320.
Package babel Info: Redefining spanish shorthand >>
(babel)             in language  on input line 320.
Package babel Info: Redefining spanish shorthand "=
(babel)             in language  on input line 320.
Package babel Info: Redefining spanish shorthand "~
(babel)             in language  on input line 320.
Package babel Info: Redefining spanish shorthand "!
(babel)             in language  on input line 320.
Package babel Info: Redefining spanish shorthand "?
(babel)             in language  on input line 320.
Package babel Info: Redefining spanish shorthand <<
(babel)             in language  on input line 320.
Package babel Info: Redefining spanish shorthand >>
(babel)             in language  on input line 320.
Package babel Info: Redefining spanish shorthand "=
(babel)             in language  on input line 320.
Package babel Info: Redefining spanish shorthand "~
(babel)             in language  on input line 320.
Package babel Info: Redefining spanish shorthand "!
(babel)             in language  on input line 320.
Package babel Info: Redefining spanish shorthand "?
(babel)             in language  on input line 320.
[19]
Package babel Info: Redefining spanish shorthand <<
(babel)             in language  on input line 329.
Package babel Info: Redefining spanish shorthand >>
(babel)             in language  on input line 329.
Package babel Info: Redefining spanish shorthand "=
(babel)             in language  on input line 329.
Package babel Info: Redefining spanish shorthand "~
(babel)             in language  on input line 329.
Package babel Info: Redefining spanish shorthand "!
(babel)             in language  on input line 329.
Package babel Info: Redefining spanish shorthand "?
(babel)             in language  on input line 329.
 (/usr/local/texlive/2018/texmf-dist/tex/latex/listings/lstlang1.sty
File: lstlang1.sty 2015/06/04 1.6 listings language file
)
LaTeX Info: Redefining \. on input line 358.
LaTeX Info: Redefining \% on input line 358.
Package babel Info: Redefining spanish shorthand <<
(babel)             in language  on input line 358.
Package babel Info: Redefining spanish shorthand >>
(babel)             in language  on input line 358.
Package babel Info: Redefining spanish shorthand "=
(babel)             in language  on input line 358.
Package babel Info: Redefining spanish shorthand "~
(babel)             in language  on input line 358.
Package babel Info: Redefining spanish shorthand "!
(babel)             in language  on input line 358.
Package babel Info: Redefining spanish shorthand "?
(babel)             in language  on input line 358.
Package babel Info: Redefining spanish shorthand <<
(babel)             in language  on input line 358.
Package babel Info: Redefining spanish shorthand >>
(babel)             in language  on input line 358.
Package babel Info: Redefining spanish shorthand "=
(babel)             in language  on input line 358.
Package babel Info: Redefining spanish shorthand "~
(babel)             in language  on input line 358.
Package babel Info: Redefining spanish shorthand "!
(babel)             in language  on input line 358.
Package babel Info: Redefining spanish shorthand "?
(babel)             in language  on input line 358.

[20]
<imagenes/http.jpg, id=159, 321.2pt x 262.9825pt>
File: imagenes/http.jpg Graphic file (type jpg)
<use imagenes/http.jpg>
Package pdftex.def Info: imagenes/http.jpg  used on input line 365.
(pdftex.def)             Requested size: 112.42168pt x 92.04524pt.
Package babel Info: Redefining spanish shorthand <<
(babel)             in language  on input line 383.
Package babel Info: Redefining spanish shorthand >>
(babel)             in language  on input line 383.
Package babel Info: Redefining spanish shorthand "=
(babel)             in language  on input line 383.
Package babel Info: Redefining spanish shorthand "~
(babel)             in language  on input line 383.
Package babel Info: Redefining spanish shorthand "!
(babel)             in language  on input line 383.
Package babel Info: Redefining spanish shorthand "?
(babel)             in language  on input line 383.
Package babel Info: Redefining spanish shorthand <<
(babel)             in language  on input line 384.
Package babel Info: Redefining spanish shorthand >>
(babel)             in language  on input line 384.
Package babel Info: Redefining spanish shorthand "=
(babel)             in language  on input line 384.
Package babel Info: Redefining spanish shorthand "~
(babel)             in language  on input line 384.
Package babel Info: Redefining spanish shorthand "!
(babel)             in language  on input line 384.
Package babel Info: Redefining spanish shorthand "?
(babel)             in language  on input line 384.
Package babel Info: Redefining spanish shorthand <<
(babel)             in language  on input line 385.
Package babel Info: Redefining spanish shorthand >>
(babel)             in language  on input line 385.
Package babel Info: Redefining spanish shorthand "=
(babel)             in language  on input line 385.
Package babel Info: Redefining spanish shorthand "~
(babel)             in language  on input line 385.
Package babel Info: Redefining spanish shorthand "!
(babel)             in language  on input line 385.
Package babel Info: Redefining spanish shorthand "?
(babel)             in language  on input line 385.
LaTeX Info: Redefining \. on input line 398.
LaTeX Info: Redefining \% on input line 398.
Package babel Info: Redefining spanish shorthand <<
(babel)             in language  on input line 398.
Package babel Info: Redefining spanish shorthand >>
(babel)             in language  on input line 398.
Package babel Info: Redefining spanish shorthand "=
(babel)             in language  on input line 398.
Package babel Info: Redefining spanish shorthand "~
(babel)             in language  on input line 398.
Package babel Info: Redefining spanish shorthand "!
(babel)             in language  on input line 398.
Package babel Info: Redefining spanish shorthand "?
(babel)             in language  on input line 398.
Package babel Info: Redefining spanish shorthand <<
(babel)             in language  on input line 398.
Package babel Info: Redefining spanish shorthand >>
(babel)             in language  on input line 398.
Package babel Info: Redefining spanish shorthand "=
(babel)             in language  on input line 398.
Package babel Info: Redefining spanish shorthand "~
(babel)             in language  on input line 398.
Package babel Info: Redefining spanish shorthand "!
(babel)             in language  on input line 398.
Package babel Info: Redefining spanish shorthand "?
(babel)             in language  on input line 398.
 [21 <./imagenes/http.jpg>]
LaTeX Font Info:    External font `cmex10' loaded for size
(Font)              <5> on input line 408.
LaTeX Font Info:    Font shape `OT1/cmtt/bx/n' in size <8> not available
(Font)              Font shape `OT1/cmtt/m/n' tried instead on input line 410.
LaTeX Info: Redefining \. on input line 449.
LaTeX Info: Redefining \% on input line 449.
Package babel Info: Redefining spanish shorthand <<
(babel)             in language  on input line 449.
Package babel Info: Redefining spanish shorthand >>
(babel)             in language  on input line 449.
Package babel Info: Redefining spanish shorthand "=
(babel)             in language  on input line 449.
Package babel Info: Redefining spanish shorthand "~
(babel)             in language  on input line 449.
Package babel Info: Redefining spanish shorthand "!
(babel)             in language  on input line 449.
Package babel Info: Redefining spanish shorthand "?
(babel)             in language  on input line 449.
Package babel Info: Redefining spanish shorthand <<
(babel)             in language  on input line 449.
Package babel Info: Redefining spanish shorthand >>
(babel)             in language  on input line 449.
Package babel Info: Redefining spanish shorthand "=
(babel)             in language  on input line 449.
Package babel Info: Redefining spanish shorthand "~
(babel)             in language  on input line 449.
Package babel Info: Redefining spanish shorthand "!
(babel)             in language  on input line 449.
Package babel Info: Redefining spanish shorthand "?
(babel)             in language  on input line 449.
 [22]
Package babel Info: Redefining spanish shorthand <<
(babel)             in language  on input line 492.
Package babel Info: Redefining spanish shorthand >>
(babel)             in language  on input line 492.
Package babel Info: Redefining spanish shorthand "=
(babel)             in language  on input line 492.
Package babel Info: Redefining spanish shorthand "~
(babel)             in language  on input line 492.
Package babel Info: Redefining spanish shorthand "!
(babel)             in language  on input line 492.
Package babel Info: Redefining spanish shorthand "?
(babel)             in language  on input line 492.
LaTeX Info: Redefining \. on input line 501.
LaTeX Info: Redefining \% on input line 501.
Package babel Info: Redefining spanish shorthand <<
(babel)             in language  on input line 501.
Package babel Info: Redefining spanish shorthand >>
(babel)             in language  on input line 501.
Package babel Info: Redefining spanish shorthand "=
(babel)             in language  on input line 501.
Package babel Info: Redefining spanish shorthand "~
(babel)             in language  on input line 501.
Package babel Info: Redefining spanish shorthand "!
(babel)             in language  on input line 501.
Package babel Info: Redefining spanish shorthand "?
(babel)             in language  on input line 501.
Package babel Info: Redefining spanish shorthand <<
(babel)             in language  on input line 501.
Package babel Info: Redefining spanish shorthand >>
(babel)             in language  on input line 501.
Package babel Info: Redefining spanish shorthand "=
(babel)             in language  on input line 501.
Package babel Info: Redefining spanish shorthand "~
(babel)             in language  on input line 501.
Package babel Info: Redefining spanish shorthand "!
(babel)             in language  on input line 501.
Package babel Info: Redefining spanish shorthand "?
(babel)             in language  on input line 501.
 [23]
<imagenes/TestCase1_1.png, id=286, 679.53876pt x 692.5875pt>
File: imagenes/TestCase1_1.png Graphic file (type png)
<use imagenes/TestCase1_1.png>
Package pdftex.def Info: imagenes/TestCase1_1.png  used on input line 517.
(pdftex.def)             Requested size: 237.84213pt x 242.40926pt.
<imagenes/TestCase1_2.png, id=287, 680.5425pt x 648.4225pt>
File: imagenes/TestCase1_2.png Graphic file (type png)
<use imagenes/TestCase1_2.png>
Package pdftex.def Info: imagenes/TestCase1_2.png  used on input line 526.
(pdftex.def)             Requested size: 238.19344pt x 226.95126pt.

Underfull \vbox (badness 4181) has occurred while \output is active []

LaTeX Info: Redefining \. on input line 529.
LaTeX Info: Redefining \% on input line 529.
Package babel Info: Redefining spanish shorthand <<
(babel)             in language  on input line 529.
Package babel Info: Redefining spanish shorthand >>
(babel)             in language  on input line 529.
Package babel Info: Redefining spanish shorthand "=
(babel)             in language  on input line 529.
Package babel Info: Redefining spanish shorthand "~
(babel)             in language  on input line 529.
Package babel Info: Redefining spanish shorthand "!
(babel)             in language  on input line 529.
Package babel Info: Redefining spanish shorthand "?
(babel)             in language  on input line 529.
Package babel Info: Redefining spanish shorthand <<
(babel)             in language  on input line 529.
Package babel Info: Redefining spanish shorthand >>
(babel)             in language  on input line 529.
Package babel Info: Redefining spanish shorthand "=
(babel)             in language  on input line 529.
Package babel Info: Redefining spanish shorthand "~
(babel)             in language  on input line 529.
Package babel Info: Redefining spanish shorthand "!
(babel)             in language  on input line 529.
Package babel Info: Redefining spanish shorthand "?
(babel)             in language  on input line 529.
 [24 <./imagenes/TestCase1_1.png>]
<imagenes/TestCase2_2.png, id=305, 693.59125pt x 703.62875pt>
File: imagenes/TestCase2_2.png Graphic file (type png)
<use imagenes/TestCase2_2.png>
Package pdftex.def Info: imagenes/TestCase2_2.png  used on input line 563.
(pdftex.def)             Requested size: 242.76057pt x 246.27374pt.
LaTeX Info: Redefining \. on input line 566.
LaTeX Info: Redefining \% on input line 566.
Package babel Info: Redefining spanish shorthand <<
(babel)             in language  on input line 566.
Package babel Info: Redefining spanish shorthand >>
(babel)             in language  on input line 566.
Package babel Info: Redefining spanish shorthand "=
(babel)             in language  on input line 566.
Package babel Info: Redefining spanish shorthand "~
(babel)             in language  on input line 566.
Package babel Info: Redefining spanish shorthand "!
(babel)             in language  on input line 566.
Package babel Info: Redefining spanish shorthand "?
(babel)             in language  on input line 566.
Package babel Info: Redefining spanish shorthand <<
(babel)             in language  on input line 566.
Package babel Info: Redefining spanish shorthand >>
(babel)             in language  on input line 566.
Package babel Info: Redefining spanish shorthand "=
(babel)             in language  on input line 566.
Package babel Info: Redefining spanish shorthand "~
(babel)             in language  on input line 566.
Package babel Info: Redefining spanish shorthand "!
(babel)             in language  on input line 566.
Package babel Info: Redefining spanish shorthand "?
(babel)             in language  on input line 566.
 [25 <./imagenes/TestCase1_2.png>]
LaTeX Info: Redefining \. on input line 596.
LaTeX Info: Redefining \% on input line 596.
Package babel Info: Redefining spanish shorthand <<
(babel)             in language  on input line 596.
Package babel Info: Redefining spanish shorthand >>
(babel)             in language  on input line 596.
Package babel Info: Redefining spanish shorthand "=
(babel)             in language  on input line 596.
Package babel Info: Redefining spanish shorthand "~
(babel)             in language  on input line 596.
Package babel Info: Redefining spanish shorthand "!
(babel)             in language  on input line 596.
Package babel Info: Redefining spanish shorthand "?
(babel)             in language  on input line 596.
Package babel Info: Redefining spanish shorthand <<
(babel)             in language  on input line 596.
Package babel Info: Redefining spanish shorthand >>
(babel)             in language  on input line 596.
Package babel Info: Redefining spanish shorthand "=
(babel)             in language  on input line 596.
Package babel Info: Redefining spanish shorthand "~
(babel)             in language  on input line 596.
Package babel Info: Redefining spanish shorthand "!
(babel)             in language  on input line 596.
Package babel Info: Redefining spanish shorthand "?
(babel)             in language  on input line 596.
 [26 <./imagenes/TestCase2_2.png>]
LaTeX Info: Redefining \. on input line 657.
LaTeX Info: Redefining \% on input line 657.
Package babel Info: Redefining spanish shorthand <<
(babel)             in language  on input line 657.
Package babel Info: Redefining spanish shorthand >>
(babel)             in language  on input line 657.
Package babel Info: Redefining spanish shorthand "=
(babel)             in language  on input line 657.
Package babel Info: Redefining spanish shorthand "~
(babel)             in language  on input line 657.
Package babel Info: Redefining spanish shorthand "!
(babel)             in language  on input line 657.
Package babel Info: Redefining spanish shorthand "?
(babel)             in language  on input line 657.
Package babel Info: Redefining spanish shorthand <<
(babel)             in language  on input line 657.
Package babel Info: Redefining spanish shorthand >>
(babel)             in language  on input line 657.
Package babel Info: Redefining spanish shorthand "=
(babel)             in language  on input line 657.
Package babel Info: Redefining spanish shorthand "~
(babel)             in language  on input line 657.
Package babel Info: Redefining spanish shorthand "!
(babel)             in language  on input line 657.
Package babel Info: Redefining spanish shorthand "?
(babel)             in language  on input line 657.
 [27]
Underfull \vbox (badness 10000) has occurred while \output is active []

LaTeX Info: Redefining \. on input line 716.
LaTeX Info: Redefining \% on input line 716.
Package babel Info: Redefining spanish shorthand <<
(babel)             in language  on input line 716.
Package babel Info: Redefining spanish shorthand >>
(babel)             in language  on input line 716.
Package babel Info: Redefining spanish shorthand "=
(babel)             in language  on input line 716.
Package babel Info: Redefining spanish shorthand "~
(babel)             in language  on input line 716.
Package babel Info: Redefining spanish shorthand "!
(babel)             in language  on input line 716.
Package babel Info: Redefining spanish shorthand "?
(babel)             in language  on input line 716.
Package babel Info: Redefining spanish shorthand <<
(babel)             in language  on input line 716.
Package babel Info: Redefining spanish shorthand >>
(babel)             in language  on input line 716.
Package babel Info: Redefining spanish shorthand "=
(babel)             in language  on input line 716.
Package babel Info: Redefining spanish shorthand "~
(babel)             in language  on input line 716.
Package babel Info: Redefining spanish shorthand "!
(babel)             in language  on input line 716.
Package babel Info: Redefining spanish shorthand "?
(babel)             in language  on input line 716.
 [28]
Underfull \vbox (badness 10000) has occurred while \output is active []

LaTeX Info: Redefining \. on input line 775.
LaTeX Info: Redefining \% on input line 775.
Package babel Info: Redefining spanish shorthand <<
(babel)             in language  on input line 775.
Package babel Info: Redefining spanish shorthand >>
(babel)             in language  on input line 775.
Package babel Info: Redefining spanish shorthand "=
(babel)             in language  on input line 775.
Package babel Info: Redefining spanish shorthand "~
(babel)             in language  on input line 775.
Package babel Info: Redefining spanish shorthand "!
(babel)             in language  on input line 775.
Package babel Info: Redefining spanish shorthand "?
(babel)             in language  on input line 775.
Package babel Info: Redefining spanish shorthand <<
(babel)             in language  on input line 775.
Package babel Info: Redefining spanish shorthand >>
(babel)             in language  on input line 775.
Package babel Info: Redefining spanish shorthand "=
(babel)             in language  on input line 775.
Package babel Info: Redefining spanish shorthand "~
(babel)             in language  on input line 775.
Package babel Info: Redefining spanish shorthand "!
(babel)             in language  on input line 775.
Package babel Info: Redefining spanish shorthand "?
(babel)             in language  on input line 775.
 [29]
Underfull \vbox (badness 10000) has occurred while \output is active []

LaTeX Info: Redefining \. on input line 834.
LaTeX Info: Redefining \% on input line 834.
Package babel Info: Redefining spanish shorthand <<
(babel)             in language  on input line 834.
Package babel Info: Redefining spanish shorthand >>
(babel)             in language  on input line 834.
Package babel Info: Redefining spanish shorthand "=
(babel)             in language  on input line 834.
Package babel Info: Redefining spanish shorthand "~
(babel)             in language  on input line 834.
Package babel Info: Redefining spanish shorthand "!
(babel)             in language  on input line 834.
Package babel Info: Redefining spanish shorthand "?
(babel)             in language  on input line 834.
Package babel Info: Redefining spanish shorthand <<
(babel)             in language  on input line 834.
Package babel Info: Redefining spanish shorthand >>
(babel)             in language  on input line 834.
Package babel Info: Redefining spanish shorthand "=
(babel)             in language  on input line 834.
Package babel Info: Redefining spanish shorthand "~
(babel)             in language  on input line 834.
Package babel Info: Redefining spanish shorthand "!
(babel)             in language  on input line 834.
Package babel Info: Redefining spanish shorthand "?
(babel)             in language  on input line 834.
 [30]
LaTeX Info: Redefining \. on input line 850.
LaTeX Info: Redefining \% on input line 850.
Package babel Info: Redefining spanish shorthand <<
(babel)             in language  on input line 850.
Package babel Info: Redefining spanish shorthand >>
(babel)             in language  on input line 850.
Package babel Info: Redefining spanish shorthand "=
(babel)             in language  on input line 850.
Package babel Info: Redefining spanish shorthand "~
(babel)             in language  on input line 850.
Package babel Info: Redefining spanish shorthand "!
(babel)             in language  on input line 850.
Package babel Info: Redefining spanish shorthand "?
(babel)             in language  on input line 850.
Package babel Info: Redefining spanish shorthand <<
(babel)             in language  on input line 850.
Package babel Info: Redefining spanish shorthand >>
(babel)             in language  on input line 850.
Package babel Info: Redefining spanish shorthand "=
(babel)             in language  on input line 850.
Package babel Info: Redefining spanish shorthand "~
(babel)             in language  on input line 850.
Package babel Info: Redefining spanish shorthand "!
(babel)             in language  on input line 850.
Package babel Info: Redefining spanish shorthand "?
(babel)             in language  on input line 850.

[31]
Package babel Info: Redefining spanish shorthand <<
(babel)             in language  on input line 850.
Package babel Info: Redefining spanish shorthand >>
(babel)             in language  on input line 850.
Package babel Info: Redefining spanish shorthand "=
(babel)             in language  on input line 850.
Package babel Info: Redefining spanish shorthand "~
(babel)             in language  on input line 850.
Package babel Info: Redefining spanish shorthand "!
(babel)             in language  on input line 850.
Package babel Info: Redefining spanish shorthand "?
(babel)             in language  on input line 850.
Package babel Info: Redefining spanish shorthand <<
(babel)             in language  on input line 850.
Package babel Info: Redefining spanish shorthand >>
(babel)             in language  on input line 850.
Package babel Info: Redefining spanish shorthand "=
(babel)             in language  on input line 850.
Package babel Info: Redefining spanish shorthand "~
(babel)             in language  on input line 850.
Package babel Info: Redefining spanish shorthand "!
(babel)             in language  on input line 850.
Package babel Info: Redefining spanish shorthand "?
(babel)             in language  on input line 850.
 [32

]
Cap\'{\i }tulo 5.
Package babel Info: Redefining spanish shorthand <<
(babel)             in language  on input line 850.
Package babel Info: Redefining spanish shorthand >>
(babel)             in language  on input line 850.
Package babel Info: Redefining spanish shorthand "=
(babel)             in language  on input line 850.
Package babel Info: Redefining spanish shorthand "~
(babel)             in language  on input line 850.
Package babel Info: Redefining spanish shorthand "!
(babel)             in language  on input line 850.
Package babel Info: Redefining spanish shorthand "?
(babel)             in language  on input line 850.
Package babel Info: Redefining spanish shorthand <<
(babel)             in language  on input line 853.
Package babel Info: Redefining spanish shorthand >>
(babel)             in language  on input line 853.
Package babel Info: Redefining spanish shorthand "=
(babel)             in language  on input line 853.
Package babel Info: Redefining spanish shorthand "~
(babel)             in language  on input line 853.
Package babel Info: Redefining spanish shorthand "!
(babel)             in language  on input line 853.
Package babel Info: Redefining spanish shorthand "?
(babel)             in language  on input line 853.
Package babel Info: Redefining spanish shorthand <<
(babel)             in language  on input line 856.
Package babel Info: Redefining spanish shorthand >>
(babel)             in language  on input line 856.
Package babel Info: Redefining spanish shorthand "=
(babel)             in language  on input line 856.
Package babel Info: Redefining spanish shorthand "~
(babel)             in language  on input line 856.
Package babel Info: Redefining spanish shorthand "!
(babel)             in language  on input line 856.
Package babel Info: Redefining spanish shorthand "?
(babel)             in language  on input line 856.
Package babel Info: Redefining spanish shorthand <<
(babel)             in language  on input line 860.
Package babel Info: Redefining spanish shorthand >>
(babel)             in language  on input line 860.
Package babel Info: Redefining spanish shorthand "=
(babel)             in language  on input line 860.
Package babel Info: Redefining spanish shorthand "~
(babel)             in language  on input line 860.
Package babel Info: Redefining spanish shorthand "!
(babel)             in language  on input line 860.
Package babel Info: Redefining spanish shorthand "?
(babel)             in language  on input line 860.
Package babel Info: Redefining spanish shorthand <<
(babel)             in language  on input line 863.
Package babel Info: Redefining spanish shorthand >>
(babel)             in language  on input line 863.
Package babel Info: Redefining spanish shorthand "=
(babel)             in language  on input line 863.
Package babel Info: Redefining spanish shorthand "~
(babel)             in language  on input line 863.
Package babel Info: Redefining spanish shorthand "!
(babel)             in language  on input line 863.
Package babel Info: Redefining spanish shorthand "?
(babel)             in language  on input line 863.
Package babel Info: Redefining spanish shorthand <<
(babel)             in language  on input line 866.
Package babel Info: Redefining spanish shorthand >>
(babel)             in language  on input line 866.
Package babel Info: Redefining spanish shorthand "=
(babel)             in language  on input line 866.
Package babel Info: Redefining spanish shorthand "~
(babel)             in language  on input line 866.
Package babel Info: Redefining spanish shorthand "!
(babel)             in language  on input line 866.
Package babel Info: Redefining spanish shorthand "?
(babel)             in language  on input line 866.
Package babel Info: Redefining spanish shorthand <<
(babel)             in language  on input line 869.
Package babel Info: Redefining spanish shorthand >>
(babel)             in language  on input line 869.
Package babel Info: Redefining spanish shorthand "=
(babel)             in language  on input line 869.
Package babel Info: Redefining spanish shorthand "~
(babel)             in language  on input line 869.
Package babel Info: Redefining spanish shorthand "!
(babel)             in language  on input line 869.
Package babel Info: Redefining spanish shorthand "?
(babel)             in language  on input line 869.
Package babel Info: Redefining spanish shorthand <<
(babel)             in language  on input line 869.
Package babel Info: Redefining spanish shorthand >>
(babel)             in language  on input line 869.
Package babel Info: Redefining spanish shorthand "=
(babel)             in language  on input line 869.
Package babel Info: Redefining spanish shorthand "~
(babel)             in language  on input line 869.
Package babel Info: Redefining spanish shorthand "!
(babel)             in language  on input line 869.
Package babel Info: Redefining spanish shorthand "?
(babel)             in language  on input line 869.
[33]
Package babel Info: Redefining spanish shorthand <<
(babel)             in language  on input line 869.
Package babel Info: Redefining spanish shorthand >>
(babel)             in language  on input line 869.
Package babel Info: Redefining spanish shorthand "=
(babel)             in language  on input line 869.
Package babel Info: Redefining spanish shorthand "~
(babel)             in language  on input line 869.
Package babel Info: Redefining spanish shorthand "!
(babel)             in language  on input line 869.
Package babel Info: Redefining spanish shorthand "?
(babel)             in language  on input line 869.
LaTeX Info: Redefining \. on input line 874.
LaTeX Info: Redefining \% on input line 874.
Package babel Info: Redefining spanish shorthand <<
(babel)             in language  on input line 874.
Package babel Info: Redefining spanish shorthand >>
(babel)             in language  on input line 874.
Package babel Info: Redefining spanish shorthand "=
(babel)             in language  on input line 874.
Package babel Info: Redefining spanish shorthand "~
(babel)             in language  on input line 874.
Package babel Info: Redefining spanish shorthand "!
(babel)             in language  on input line 874.
Package babel Info: Redefining spanish shorthand "?
(babel)             in language  on input line 874.
Package babel Info: Redefining spanish shorthand <<
(babel)             in language  on input line 874.
Package babel Info: Redefining spanish shorthand >>
(babel)             in language  on input line 874.
Package babel Info: Redefining spanish shorthand "=
(babel)             in language  on input line 874.
Package babel Info: Redefining spanish shorthand "~
(babel)             in language  on input line 874.
Package babel Info: Redefining spanish shorthand "!
(babel)             in language  on input line 874.
Package babel Info: Redefining spanish shorthand "?
(babel)             in language  on input line 874.
 [34]
Underfull \hbox (badness 5637) in paragraph at lines 884--887
[]\OT1/cmr/m/sc/10.95 Postman\OT1/cmr/m/n/10.95 , \OT1/cmr/m/it/10.95 POST-MAN 
API DE-VE-LOP-MENT []$\OT1/cmtt/m/n/10.95 https : / / www .
 []


Underfull \hbox (badness 10000) in paragraph at lines 888--891
[]\OT1/cmr/m/sc/10.95 Selenium\OT1/cmr/m/n/10.95 , \OT1/cmr/m/it/10.95 Se-le-mi
um Brow-ser Au-to-ma-tion []$\OT1/cmtt/m/n/10.95 https : / / www .
 []


Underfull \hbox (badness 10000) in paragraph at lines 892--895
[]\OT1/cmr/m/sc/10.95 Scrum\OT1/cmr/m/n/10.95 , \OT1/cmr/m/it/10.95 Scrum Pro-c
ess []$\OT1/cmtt/m/n/10.95 https : / / winred . es / management /
 []


Underfull \hbox (badness 10000) in paragraph at lines 900--903
[]\OT1/cmr/m/sc/10.95 Lean\OT1/cmr/m/n/10.95 , \OT1/cmr/m/it/10.95 Lean Pro-ces
s []$\OT1/cmtt/m/n/10.95 https : / / centricconsulting . com /
 []


Underfull \hbox (badness 10000) in paragraph at lines 900--903
\OT1/cmtt/m/n/10.95 business-[]consulting / improve-[]operational-[]performance
 /
 []

LaTeX Font Info:    Try loading font information for OMS+cmr on input line 905.

(/usr/local/texlive/2018/texmf-dist/tex/latex/base/omscmr.fd
File: omscmr.fd 2014/09/29 v2.5h Standard LaTeX font definitions
)
LaTeX Font Info:    Font shape `OMS/cmr/m/it' in size <10.95> not available
(Font)              Font shape `OMS/cmsy/m/n' tried instead on input line 905.
LaTeX Font Info:    Font shape `OMS/cmr/m/n' in size <10.95> not available
(Font)              Font shape `OMS/cmsy/m/n' tried instead on input line 905.

Underfull \hbox (badness 10000) in paragraph at lines 913--916
[]\OT1/cmr/m/sc/10.95 Micro-Services ARC\OT1/cmr/m/n/10.95 , \OT1/cmr/m/it/10.9
5 Ar-qui-tec-tu-ra ba-sa-da en
 []


Underfull \hbox (badness 10000) in paragraph at lines 913--916
\OT1/cmr/m/it/10.95 mi-cro-ser-vi-cios []$\OT1/cmtt/m/n/10.95 https : / / openw
ebinars . net / blog /
 []


Overfull \hbox (3.63358pt too wide) in paragraph at lines 913--916
\OT1/cmtt/m/n/10.95 diferencia-[]entre-[]arquitectura-[]monolitica-[]y-[]micros
ervicios$[] 
 []


Underfull \hbox (badness 1052) in paragraph at lines 929--932
[]\OT1/cmr/m/sc/10.95 Shell BASH\OT1/cmr/m/n/10.95 , \OT1/cmr/m/it/10.95 Bash R
e-fe-ren-ce Ma-nual []$\OT1/cmtt/m/n/10.95 https : / / www . gnu . org /
 []

Package babel Info: Redefining spanish shorthand <<
(babel)             in language  on input line 936.
Package babel Info: Redefining spanish shorthand >>
(babel)             in language  on input line 936.
Package babel Info: Redefining spanish shorthand "=
(babel)             in language  on input line 936.
Package babel Info: Redefining spanish shorthand "~
(babel)             in language  on input line 936.
Package babel Info: Redefining spanish shorthand "!
(babel)             in language  on input line 936.
Package babel Info: Redefining spanish shorthand "?
(babel)             in language  on input line 936.
Package babel Info: Redefining spanish shorthand <<
(babel)             in language  on input line 936.
Package babel Info: Redefining spanish shorthand >>
(babel)             in language  on input line 936.
Package babel Info: Redefining spanish shorthand "=
(babel)             in language  on input line 936.
Package babel Info: Redefining spanish shorthand "~
(babel)             in language  on input line 936.
Package babel Info: Redefining spanish shorthand "!
(babel)             in language  on input line 936.
Package babel Info: Redefining spanish shorthand "?
(babel)             in language  on input line 936.
[35

]
LaTeX Info: Redefining \. on input line 943.
LaTeX Info: Redefining \% on input line 943.
Package babel Info: Redefining spanish shorthand <<
(babel)             in language  on input line 943.
Package babel Info: Redefining spanish shorthand >>
(babel)             in language  on input line 943.
Package babel Info: Redefining spanish shorthand "=
(babel)             in language  on input line 943.
Package babel Info: Redefining spanish shorthand "~
(babel)             in language  on input line 943.
Package babel Info: Redefining spanish shorthand "!
(babel)             in language  on input line 943.
Package babel Info: Redefining spanish shorthand "?
(babel)             in language  on input line 943.
Package babel Info: Redefining spanish shorthand <<
(babel)             in language  on input line 943.
Package babel Info: Redefining spanish shorthand >>
(babel)             in language  on input line 943.
Package babel Info: Redefining spanish shorthand "=
(babel)             in language  on input line 943.
Package babel Info: Redefining spanish shorthand "~
(babel)             in language  on input line 943.
Package babel Info: Redefining spanish shorthand "!
(babel)             in language  on input line 943.
Package babel Info: Redefining spanish shorthand "?
(babel)             in language  on input line 943.
 [36]
Cap\'{\i }tulo 6.
Package babel Info: Redefining spanish shorthand <<
(babel)             in language  on input line 943.
Package babel Info: Redefining spanish shorthand >>
(babel)             in language  on input line 943.
Package babel Info: Redefining spanish shorthand "=
(babel)             in language  on input line 943.
Package babel Info: Redefining spanish shorthand "~
(babel)             in language  on input line 943.
Package babel Info: Redefining spanish shorthand "!
(babel)             in language  on input line 943.
Package babel Info: Redefining spanish shorthand "?
(babel)             in language  on input line 943.
Package atveryend Info: Empty hook `BeforeClearDocument' on input line 965.
Package babel Info: Redefining spanish shorthand <<
(babel)             in language  on input line 965.
Package babel Info: Redefining spanish shorthand >>
(babel)             in language  on input line 965.
Package babel Info: Redefining spanish shorthand "=
(babel)             in language  on input line 965.
Package babel Info: Redefining spanish shorthand "~
(babel)             in language  on input line 965.
Package babel Info: Redefining spanish shorthand "!
(babel)             in language  on input line 965.
Package babel Info: Redefining spanish shorthand "?
(babel)             in language  on input line 965.
Package babel Info: Redefining spanish shorthand <<
(babel)             in language  on input line 965.
Package babel Info: Redefining spanish shorthand >>
(babel)             in language  on input line 965.
Package babel Info: Redefining spanish shorthand "=
(babel)             in language  on input line 965.
Package babel Info: Redefining spanish shorthand "~
(babel)             in language  on input line 965.
Package babel Info: Redefining spanish shorthand "!
(babel)             in language  on input line 965.
Package babel Info: Redefining spanish shorthand "?
(babel)             in language  on input line 965.
[37

]
Package atveryend Info: Empty hook `AfterLastShipout' on input line 965.
 (./bk.aux
LaTeX Info: Redefining \. on input line 23.
LaTeX Info: Redefining \% on input line 23.
)
Package atveryend Info: Executing hook `AtVeryEndDocument' on input line 965.
Package atveryend Info: Executing hook `AtEndAfterFileList' on input line 965.


Package rerunfilecheck Warning: File `bk.out' has changed.
(rerunfilecheck)                Rerun to get outlines right
(rerunfilecheck)                or use package `bookmark'.

Package rerunfilecheck Info: Checksums for `bk.out':
(rerunfilecheck)             Before: <no file>
(rerunfilecheck)             After:  EEC3E50D295DA41778F7FEDD7F63AFA6;1429.

LaTeX Warning: There were undefined references.


LaTeX Warning: Label(s) may have changed. Rerun to get cross-references right.

Package atveryend Info: Empty hook `AtVeryVeryEnd' on input line 965.
 ) 
Here is how much of TeX's memory you used:
 9669 strings out of 492649
 139037 string characters out of 6129622
 412562 words of memory out of 5000000
 12906 multiletter control sequences out of 15000+600000
 10092 words of font info for 36 fonts, out of 8000000 for 9000
 1141 hyphenation exceptions out of 8191
 37i,13n,43p,1213b,2036s stack positions out of 5000i,500n,10000p,200000b,80000s
</usr/local/texlive/2018/texmf-dist/fonts/type1/public/amsfonts/cm/cmbx10.pfb
></usr/local/texlive/2018/texmf-dist/fonts/type1/public/amsfonts/cm/cmbx12.pfb>
</usr/local/texlive/2018/texmf-dist/fonts/type1/public/amsfonts/cm/cmcsc10.pfb>
</usr/local/texlive/2018/texmf-dist/fonts/type1/public/amsfonts/cm/cmr10.pfb></
usr/local/texlive/2018/texmf-dist/fonts/type1/public/amsfonts/cm/cmr6.pfb></usr
/local/texlive/2018/texmf-dist/fonts/type1/public/amsfonts/cm/cmsy10.pfb></usr/
local/texlive/2018/texmf-dist/fonts/type1/public/amsfonts/cm/cmti10.pfb></usr/l
ocal/texlive/2018/texmf-dist/fonts/type1/public/amsfonts/cm/cmtt10.pfb></usr/lo
cal/texlive/2018/texmf-dist/fonts/type1/public/amsfonts/cm/cmtt8.pfb>
Output written on bk.pdf (37 pages, 1313453 bytes).
PDF statistics:
 846 PDF objects out of 1000 (max. 8388607)
 776 compressed objects within 8 object streams
 523 named destinations out of 1000 (max. 500000)
 56 words of extra memory for PDF output out of 10000 (max. 10000000)

