This is pdfTeX, Version 3.14159265-2.6-1.40.18 (TeX Live 2017/Debian) (preloaded format=pdflatex 2018.8.20)  15 SEP 2018 16:42
entering extended mode
 restricted \write18 enabled.
 %&-line parsing enabled.
**Proyecto.tex
(./Proyecto.tex
LaTeX2e <2017-04-15>
Babel <3.18> and hyphenation patterns for 84 language(s) loaded.
(/usr/share/texlive/texmf-dist/tex/latex/base/book.cls
Document Class: book 2014/09/29 v1.4h Standard LaTeX document class
(/usr/share/texlive/texmf-dist/tex/latex/base/bk11.clo
File: bk11.clo 2014/09/29 v1.4h Standard LaTeX file (size option)
)
\c@part=\count79
\c@chapter=\count80
\c@section=\count81
\c@subsection=\count82
\c@subsubsection=\count83
\c@paragraph=\count84
\c@subparagraph=\count85
\c@figure=\count86
\c@table=\count87
\abovecaptionskip=\skip41
\belowcaptionskip=\skip42
\bibindent=\dimen102
)
(/usr/share/texlive/texmf-dist/tex/latex/listings/listings.sty
(/usr/share/texlive/texmf-dist/tex/latex/graphics/keyval.sty
Package: keyval 2014/10/28 v1.15 key=value parser (DPC)
\KV@toks@=\toks14
)
\lst@mode=\count88
\lst@gtempboxa=\box26
\lst@token=\toks15
\lst@length=\count89
\lst@currlwidth=\dimen103
\lst@column=\count90
\lst@pos=\count91
\lst@lostspace=\dimen104
\lst@width=\dimen105
\lst@newlines=\count92
\lst@lineno=\count93
\lst@maxwidth=\dimen106

(/usr/share/texlive/texmf-dist/tex/latex/listings/lstmisc.sty
File: lstmisc.sty 2015/06/04 1.6 (Carsten Heinz)
\c@lstnumber=\count94
\lst@skipnumbers=\count95
\lst@framebox=\box27
)
(/usr/share/texlive/texmf-dist/tex/latex/listings/listings.cfg
File: listings.cfg 2015/06/04 1.6 listings configuration
))
Package: listings 2015/06/04 1.6 (Carsten Heinz)

(/usr/share/texlive/texmf-dist/tex/latex/base/inputenc.sty
Package: inputenc 2015/03/17 v1.2c Input encoding file
\inpenc@prehook=\toks16
\inpenc@posthook=\toks17

(/usr/share/texlive/texmf-dist/tex/latex/base/utf8.def
File: utf8.def 2017/01/28 v1.1t UTF-8 support for inputenc
Now handling font encoding OML ...
... no UTF-8 mapping file for font encoding OML
Now handling font encoding T1 ...
... processing UTF-8 mapping file for font encoding T1

(/usr/share/texlive/texmf-dist/tex/latex/base/t1enc.dfu
File: t1enc.dfu 2017/01/28 v1.1t UTF-8 support for inputenc
   defining Unicode char U+00A0 (decimal 160)
   defining Unicode char U+00A1 (decimal 161)
   defining Unicode char U+00A3 (decimal 163)
   defining Unicode char U+00AB (decimal 171)
   defining Unicode char U+00AD (decimal 173)
   defining Unicode char U+00BB (decimal 187)
   defining Unicode char U+00BF (decimal 191)
   defining Unicode char U+00C0 (decimal 192)
   defining Unicode char U+00C1 (decimal 193)
   defining Unicode char U+00C2 (decimal 194)
   defining Unicode char U+00C3 (decimal 195)
   defining Unicode char U+00C4 (decimal 196)
   defining Unicode char U+00C5 (decimal 197)
   defining Unicode char U+00C6 (decimal 198)
   defining Unicode char U+00C7 (decimal 199)
   defining Unicode char U+00C8 (decimal 200)
   defining Unicode char U+00C9 (decimal 201)
   defining Unicode char U+00CA (decimal 202)
   defining Unicode char U+00CB (decimal 203)
   defining Unicode char U+00CC (decimal 204)
   defining Unicode char U+00CD (decimal 205)
   defining Unicode char U+00CE (decimal 206)
   defining Unicode char U+00CF (decimal 207)
   defining Unicode char U+00D0 (decimal 208)
   defining Unicode char U+00D1 (decimal 209)
   defining Unicode char U+00D2 (decimal 210)
   defining Unicode char U+00D3 (decimal 211)
   defining Unicode char U+00D4 (decimal 212)
   defining Unicode char U+00D5 (decimal 213)
   defining Unicode char U+00D6 (decimal 214)
   defining Unicode char U+00D8 (decimal 216)
   defining Unicode char U+00D9 (decimal 217)
   defining Unicode char U+00DA (decimal 218)
   defining Unicode char U+00DB (decimal 219)
   defining Unicode char U+00DC (decimal 220)
   defining Unicode char U+00DD (decimal 221)
   defining Unicode char U+00DE (decimal 222)
   defining Unicode char U+00DF (decimal 223)
   defining Unicode char U+00E0 (decimal 224)
   defining Unicode char U+00E1 (decimal 225)
   defining Unicode char U+00E2 (decimal 226)
   defining Unicode char U+00E3 (decimal 227)
   defining Unicode char U+00E4 (decimal 228)
   defining Unicode char U+00E5 (decimal 229)
   defining Unicode char U+00E6 (decimal 230)
   defining Unicode char U+00E7 (decimal 231)
   defining Unicode char U+00E8 (decimal 232)
   defining Unicode char U+00E9 (decimal 233)
   defining Unicode char U+00EA (decimal 234)
   defining Unicode char U+00EB (decimal 235)
   defining Unicode char U+00EC (decimal 236)
   defining Unicode char U+00ED (decimal 237)
   defining Unicode char U+00EE (decimal 238)
   defining Unicode char U+00EF (decimal 239)
   defining Unicode char U+00F0 (decimal 240)
   defining Unicode char U+00F1 (decimal 241)
   defining Unicode char U+00F2 (decimal 242)
   defining Unicode char U+00F3 (decimal 243)
   defining Unicode char U+00F4 (decimal 244)
   defining Unicode char U+00F5 (decimal 245)
   defining Unicode char U+00F6 (decimal 246)
   defining Unicode char U+00F8 (decimal 248)
   defining Unicode char U+00F9 (decimal 249)
   defining Unicode char U+00FA (decimal 250)
   defining Unicode char U+00FB (decimal 251)
   defining Unicode char U+00FC (decimal 252)
   defining Unicode char U+00FD (decimal 253)
   defining Unicode char U+00FE (decimal 254)
   defining Unicode char U+00FF (decimal 255)
   defining Unicode char U+0100 (decimal 256)
   defining Unicode char U+0101 (decimal 257)
   defining Unicode char U+0102 (decimal 258)
   defining Unicode char U+0103 (decimal 259)
   defining Unicode char U+0104 (decimal 260)
   defining Unicode char U+0105 (decimal 261)
   defining Unicode char U+0106 (decimal 262)
   defining Unicode char U+0107 (decimal 263)
   defining Unicode char U+0108 (decimal 264)
   defining Unicode char U+0109 (decimal 265)
   defining Unicode char U+010A (decimal 266)
   defining Unicode char U+010B (decimal 267)
   defining Unicode char U+010C (decimal 268)
   defining Unicode char U+010D (decimal 269)
   defining Unicode char U+010E (decimal 270)
   defining Unicode char U+010F (decimal 271)
   defining Unicode char U+0110 (decimal 272)
   defining Unicode char U+0111 (decimal 273)
   defining Unicode char U+0112 (decimal 274)
   defining Unicode char U+0113 (decimal 275)
   defining Unicode char U+0114 (decimal 276)
   defining Unicode char U+0115 (decimal 277)
   defining Unicode char U+0116 (decimal 278)
   defining Unicode char U+0117 (decimal 279)
   defining Unicode char U+0118 (decimal 280)
   defining Unicode char U+0119 (decimal 281)
   defining Unicode char U+011A (decimal 282)
   defining Unicode char U+011B (decimal 283)
   defining Unicode char U+011C (decimal 284)
   defining Unicode char U+011D (decimal 285)
   defining Unicode char U+011E (decimal 286)
   defining Unicode char U+011F (decimal 287)
   defining Unicode char U+0120 (decimal 288)
   defining Unicode char U+0121 (decimal 289)
   defining Unicode char U+0122 (decimal 290)
   defining Unicode char U+0123 (decimal 291)
   defining Unicode char U+0124 (decimal 292)
   defining Unicode char U+0125 (decimal 293)
   defining Unicode char U+0128 (decimal 296)
   defining Unicode char U+0129 (decimal 297)
   defining Unicode char U+012A (decimal 298)
   defining Unicode char U+012B (decimal 299)
   defining Unicode char U+012C (decimal 300)
   defining Unicode char U+012D (decimal 301)
   defining Unicode char U+012E (decimal 302)
   defining Unicode char U+012F (decimal 303)
   defining Unicode char U+0130 (decimal 304)
   defining Unicode char U+0131 (decimal 305)
   defining Unicode char U+0132 (decimal 306)
   defining Unicode char U+0133 (decimal 307)
   defining Unicode char U+0134 (decimal 308)
   defining Unicode char U+0135 (decimal 309)
   defining Unicode char U+0136 (decimal 310)
   defining Unicode char U+0137 (decimal 311)
   defining Unicode char U+0139 (decimal 313)
   defining Unicode char U+013A (decimal 314)
   defining Unicode char U+013B (decimal 315)
   defining Unicode char U+013C (decimal 316)
   defining Unicode char U+013D (decimal 317)
   defining Unicode char U+013E (decimal 318)
   defining Unicode char U+0141 (decimal 321)
   defining Unicode char U+0142 (decimal 322)
   defining Unicode char U+0143 (decimal 323)
   defining Unicode char U+0144 (decimal 324)
   defining Unicode char U+0145 (decimal 325)
   defining Unicode char U+0146 (decimal 326)
   defining Unicode char U+0147 (decimal 327)
   defining Unicode char U+0148 (decimal 328)
   defining Unicode char U+014A (decimal 330)
   defining Unicode char U+014B (decimal 331)
   defining Unicode char U+014C (decimal 332)
   defining Unicode char U+014D (decimal 333)
   defining Unicode char U+014E (decimal 334)
   defining Unicode char U+014F (decimal 335)
   defining Unicode char U+0150 (decimal 336)
   defining Unicode char U+0151 (decimal 337)
   defining Unicode char U+0152 (decimal 338)
   defining Unicode char U+0153 (decimal 339)
   defining Unicode char U+0154 (decimal 340)
   defining Unicode char U+0155 (decimal 341)
   defining Unicode char U+0156 (decimal 342)
   defining Unicode char U+0157 (decimal 343)
   defining Unicode char U+0158 (decimal 344)
   defining Unicode char U+0159 (decimal 345)
   defining Unicode char U+015A (decimal 346)
   defining Unicode char U+015B (decimal 347)
   defining Unicode char U+015C (decimal 348)
   defining Unicode char U+015D (decimal 349)
   defining Unicode char U+015E (decimal 350)
   defining Unicode char U+015F (decimal 351)
   defining Unicode char U+0160 (decimal 352)
   defining Unicode char U+0161 (decimal 353)
   defining Unicode char U+0162 (decimal 354)
   defining Unicode char U+0163 (decimal 355)
   defining Unicode char U+0164 (decimal 356)
   defining Unicode char U+0165 (decimal 357)
   defining Unicode char U+0168 (decimal 360)
   defining Unicode char U+0169 (decimal 361)
   defining Unicode char U+016A (decimal 362)
   defining Unicode char U+016B (decimal 363)
   defining Unicode char U+016C (decimal 364)
   defining Unicode char U+016D (decimal 365)
   defining Unicode char U+016E (decimal 366)
   defining Unicode char U+016F (decimal 367)
   defining Unicode char U+0170 (decimal 368)
   defining Unicode char U+0171 (decimal 369)
   defining Unicode char U+0172 (decimal 370)
   defining Unicode char U+0173 (decimal 371)
   defining Unicode char U+0174 (decimal 372)
   defining Unicode char U+0175 (decimal 373)
   defining Unicode char U+0176 (decimal 374)
   defining Unicode char U+0177 (decimal 375)
   defining Unicode char U+0178 (decimal 376)
   defining Unicode char U+0179 (decimal 377)
   defining Unicode char U+017A (decimal 378)
   defining Unicode char U+017B (decimal 379)
   defining Unicode char U+017C (decimal 380)
   defining Unicode char U+017D (decimal 381)
   defining Unicode char U+017E (decimal 382)
   defining Unicode char U+01CD (decimal 461)
   defining Unicode char U+01CE (decimal 462)
   defining Unicode char U+01CF (decimal 463)
   defining Unicode char U+01D0 (decimal 464)
   defining Unicode char U+01D1 (decimal 465)
   defining Unicode char U+01D2 (decimal 466)
   defining Unicode char U+01D3 (decimal 467)
   defining Unicode char U+01D4 (decimal 468)
   defining Unicode char U+01E2 (decimal 482)
   defining Unicode char U+01E3 (decimal 483)
   defining Unicode char U+01E6 (decimal 486)
   defining Unicode char U+01E7 (decimal 487)
   defining Unicode char U+01E8 (decimal 488)
   defining Unicode char U+01E9 (decimal 489)
   defining Unicode char U+01EA (decimal 490)
   defining Unicode char U+01EB (decimal 491)
   defining Unicode char U+01F0 (decimal 496)
   defining Unicode char U+01F4 (decimal 500)
   defining Unicode char U+01F5 (decimal 501)
   defining Unicode char U+0218 (decimal 536)
   defining Unicode char U+0219 (decimal 537)
   defining Unicode char U+021A (decimal 538)
   defining Unicode char U+021B (decimal 539)
   defining Unicode char U+0232 (decimal 562)
   defining Unicode char U+0233 (decimal 563)
   defining Unicode char U+1E02 (decimal 7682)
   defining Unicode char U+1E03 (decimal 7683)
   defining Unicode char U+200C (decimal 8204)
   defining Unicode char U+2010 (decimal 8208)
   defining Unicode char U+2011 (decimal 8209)
   defining Unicode char U+2012 (decimal 8210)
   defining Unicode char U+2013 (decimal 8211)
   defining Unicode char U+2014 (decimal 8212)
   defining Unicode char U+2015 (decimal 8213)
   defining Unicode char U+2018 (decimal 8216)
   defining Unicode char U+2019 (decimal 8217)
   defining Unicode char U+201A (decimal 8218)
   defining Unicode char U+201C (decimal 8220)
   defining Unicode char U+201D (decimal 8221)
   defining Unicode char U+201E (decimal 8222)
   defining Unicode char U+2030 (decimal 8240)
   defining Unicode char U+2031 (decimal 8241)
   defining Unicode char U+2039 (decimal 8249)
   defining Unicode char U+203A (decimal 8250)
   defining Unicode char U+2423 (decimal 9251)
   defining Unicode char U+1E20 (decimal 7712)
   defining Unicode char U+1E21 (decimal 7713)
)
Now handling font encoding OT1 ...
... processing UTF-8 mapping file for font encoding OT1

(/usr/share/texlive/texmf-dist/tex/latex/base/ot1enc.dfu
File: ot1enc.dfu 2017/01/28 v1.1t UTF-8 support for inputenc
   defining Unicode char U+00A0 (decimal 160)
   defining Unicode char U+00A1 (decimal 161)
   defining Unicode char U+00A3 (decimal 163)
   defining Unicode char U+00AD (decimal 173)
   defining Unicode char U+00B8 (decimal 184)
   defining Unicode char U+00BF (decimal 191)
   defining Unicode char U+00C5 (decimal 197)
   defining Unicode char U+00C6 (decimal 198)
   defining Unicode char U+00D8 (decimal 216)
   defining Unicode char U+00DF (decimal 223)
   defining Unicode char U+00E6 (decimal 230)
   defining Unicode char U+00EC (decimal 236)
   defining Unicode char U+00ED (decimal 237)
   defining Unicode char U+00EE (decimal 238)
   defining Unicode char U+00EF (decimal 239)
   defining Unicode char U+00F8 (decimal 248)
   defining Unicode char U+0131 (decimal 305)
   defining Unicode char U+0141 (decimal 321)
   defining Unicode char U+0142 (decimal 322)
   defining Unicode char U+0152 (decimal 338)
   defining Unicode char U+0153 (decimal 339)
   defining Unicode char U+0174 (decimal 372)
   defining Unicode char U+0175 (decimal 373)
   defining Unicode char U+0176 (decimal 374)
   defining Unicode char U+0177 (decimal 375)
   defining Unicode char U+0218 (decimal 536)
   defining Unicode char U+0219 (decimal 537)
   defining Unicode char U+021A (decimal 538)
   defining Unicode char U+021B (decimal 539)
   defining Unicode char U+2013 (decimal 8211)
   defining Unicode char U+2014 (decimal 8212)
   defining Unicode char U+2018 (decimal 8216)
   defining Unicode char U+2019 (decimal 8217)
   defining Unicode char U+201C (decimal 8220)
   defining Unicode char U+201D (decimal 8221)
)
Now handling font encoding OMS ...
... processing UTF-8 mapping file for font encoding OMS

(/usr/share/texlive/texmf-dist/tex/latex/base/omsenc.dfu
File: omsenc.dfu 2017/01/28 v1.1t UTF-8 support for inputenc
   defining Unicode char U+00A7 (decimal 167)
   defining Unicode char U+00B6 (decimal 182)
   defining Unicode char U+00B7 (decimal 183)
   defining Unicode char U+2020 (decimal 8224)
   defining Unicode char U+2021 (decimal 8225)
   defining Unicode char U+2022 (decimal 8226)
)
Now handling font encoding OMX ...
... no UTF-8 mapping file for font encoding OMX
Now handling font encoding U ...
... no UTF-8 mapping file for font encoding U
   defining Unicode char U+00A9 (decimal 169)
   defining Unicode char U+00AA (decimal 170)
   defining Unicode char U+00AE (decimal 174)
   defining Unicode char U+00BA (decimal 186)
   defining Unicode char U+02C6 (decimal 710)
   defining Unicode char U+02DC (decimal 732)
   defining Unicode char U+200C (decimal 8204)
   defining Unicode char U+2026 (decimal 8230)
   defining Unicode char U+2122 (decimal 8482)
   defining Unicode char U+2423 (decimal 9251)
))
(/usr/share/texlive/texmf-dist/tex/generic/babel/babel.sty
Package: babel 2018/02/14 3.18 The Babel package

(/usr/share/texlive/texmf-dist/tex/generic/babel/switch.def
File: switch.def 2018/02/14 3.18 Babel switching mechanism
)
(/usr/share/texlive/texmf-dist/tex/generic/babel-spanish/spanish.ldf
Language: spanish.ldf 2016/03/03 v5.0p Spanish support from the babel system

(/usr/share/texlive/texmf-dist/tex/generic/babel/babel.def
File: babel.def 2018/02/14 3.18 Babel common definitions
\babel@savecnt=\count96
\U@D=\dimen107

(/usr/share/texlive/texmf-dist/tex/generic/babel/txtbabel.def)
\bbl@dirlevel=\count97
)
\es@quottoks=\toks18
\es@quotdepth=\count98
Package babel Info: Making " an active character on input line 561.
Package babel Info: Making . an active character on input line 662.
Package babel Info: Making < an active character on input line 707.
Package babel Info: Making > an active character on input line 707.
))
(/usr/share/texlive/texmf-dist/tex/latex/tools/dcolumn.sty
Package: dcolumn 2014/10/28 v1.06 decimal alignment package (DPC)

(/usr/share/texlive/texmf-dist/tex/latex/tools/array.sty
Package: array 2016/10/06 v2.4d Tabular extension package (FMi)
\col@sep=\dimen108
\extrarowheight=\dimen109
\NC@list=\toks19
\extratabsurround=\skip43
\backup@length=\skip44
))
(/usr/share/texlive/texmf-dist/tex/latex/float/float.sty
Package: float 2001/11/08 v1.3d Float enhancements (AL)
\c@float@type=\count99
\float@exts=\toks20
\float@box=\box28
\@float@everytoks=\toks21
\@floatcapt=\box29
)
(/usr/share/texlive/texmf-dist/tex/latex/tools/verbatim.sty
Package: verbatim 2014/10/28 v1.5q LaTeX2e package for verbatim enhancements
\every@verbatim=\toks22
\verbatim@line=\toks23
\verbatim@in@stream=\read1
)
(/usr/share/texlive/texmf-dist/tex/latex/fancyhdr/fancyhdr.sty
Package: fancyhdr 2017/06/30 v3.9a Extensive control of page headers and footer
s
\f@nch@headwidth=\skip45
\f@nch@O@elh=\skip46
\f@nch@O@erh=\skip47
\f@nch@O@olh=\skip48
\f@nch@O@orh=\skip49
\f@nch@O@elf=\skip50
\f@nch@O@erf=\skip51
\f@nch@O@olf=\skip52
\f@nch@O@orf=\skip53
)
(/usr/share/texlive/texmf-dist/tex/latex/graphics/graphicx.sty
Package: graphicx 2017/06/01 v1.1a Enhanced LaTeX Graphics (DPC,SPQR)

(/usr/share/texlive/texmf-dist/tex/latex/graphics/graphics.sty
Package: graphics 2017/06/25 v1.2c Standard LaTeX Graphics (DPC,SPQR)

(/usr/share/texlive/texmf-dist/tex/latex/graphics/trig.sty
Package: trig 2016/01/03 v1.10 sin cos tan (DPC)
)
(/usr/share/texlive/texmf-dist/tex/latex/graphics-cfg/graphics.cfg
File: graphics.cfg 2016/06/04 v1.11 sample graphics configuration
)
Package graphics Info: Driver file: pdftex.def on input line 99.

(/usr/share/texlive/texmf-dist/tex/latex/graphics-def/pdftex.def
File: pdftex.def 2018/01/08 v1.0l Graphics/color driver for pdftex
))
\Gin@req@height=\dimen110
\Gin@req@width=\dimen111
)
(/usr/share/texlive/texmf-dist/tex/latex/tools/afterpage.sty
Package: afterpage 2014/10/28 v1.08 After-Page Package (DPC)
\AP@output=\toks24
\AP@partial=\box30
\AP@footins=\box31
)
(/usr/share/texlive/texmf-dist/tex/latex/tools/longtable.sty
Package: longtable 2014/10/28 v4.11 Multi-page Table package (DPC)
\LTleft=\skip54
\LTright=\skip55
\LTpre=\skip56
\LTpost=\skip57
\LTchunksize=\count100
\LTcapwidth=\dimen112
\LT@head=\box32
\LT@firsthead=\box33
\LT@foot=\box34
\LT@lastfoot=\box35
\LT@cols=\count101
\LT@rows=\count102
\c@LT@tables=\count103
\c@LT@chunks=\count104
\LT@p@ftn=\toks25
)
(/usr/share/texlive/texmf-dist/tex/latex/hyperref/hyperref.sty
Package: hyperref 2018/02/06 v6.86b Hypertext links for LaTeX

(/usr/share/texlive/texmf-dist/tex/generic/oberdiek/hobsub-hyperref.sty
Package: hobsub-hyperref 2016/05/16 v1.14 Bundle oberdiek, subset hyperref (HO)


(/usr/share/texlive/texmf-dist/tex/generic/oberdiek/hobsub-generic.sty
Package: hobsub-generic 2016/05/16 v1.14 Bundle oberdiek, subset generic (HO)
Package: hobsub 2016/05/16 v1.14 Construct package bundles (HO)
Package: infwarerr 2016/05/16 v1.4 Providing info/warning/error messages (HO)
Package: ltxcmds 2016/05/16 v1.23 LaTeX kernel commands for general use (HO)
Package: ifluatex 2016/05/16 v1.4 Provides the ifluatex switch (HO)
Package ifluatex Info: LuaTeX not detected.
Package: ifvtex 2016/05/16 v1.6 Detect VTeX and its facilities (HO)
Package ifvtex Info: VTeX not detected.
Package: intcalc 2016/05/16 v1.2 Expandable calculations with integers (HO)
Package: ifpdf 2017/03/15 v3.2 Provides the ifpdf switch
Package: etexcmds 2016/05/16 v1.6 Avoid name clashes with e-TeX commands (HO)
Package etexcmds Info: Could not find \expanded.
(etexcmds)             That can mean that you are not using pdfTeX 1.50 or
(etexcmds)             that some package has redefined \expanded.
(etexcmds)             In the latter case, load this package earlier.
Package: kvsetkeys 2016/05/16 v1.17 Key value parser (HO)
Package: kvdefinekeys 2016/05/16 v1.4 Define keys (HO)
Package: pdftexcmds 2018/01/21 v0.26 Utility functions of pdfTeX for LuaTeX (HO
)
Package pdftexcmds Info: LuaTeX not detected.
Package pdftexcmds Info: \pdf@primitive is available.
Package pdftexcmds Info: \pdf@ifprimitive is available.
Package pdftexcmds Info: \pdfdraftmode found.
Package: pdfescape 2016/05/16 v1.14 Implements pdfTeX's escape features (HO)
Package: bigintcalc 2016/05/16 v1.4 Expandable calculations on big integers (HO
)
Package: bitset 2016/05/16 v1.2 Handle bit-vector datatype (HO)
Package: uniquecounter 2016/05/16 v1.3 Provide unlimited unique counter (HO)
)
Package hobsub Info: Skipping package `hobsub' (already loaded).
Package: letltxmacro 2016/05/16 v1.5 Let assignment for LaTeX macros (HO)
Package: hopatch 2016/05/16 v1.3 Wrapper for package hooks (HO)
Package: xcolor-patch 2016/05/16 xcolor patch
Package: atveryend 2016/05/16 v1.9 Hooks at the very end of document (HO)
Package atveryend Info: \AP@enddocument detected (standard20110627).
Package: atbegshi 2016/06/09 v1.18 At begin shipout hook (HO)
Package: refcount 2016/05/16 v3.5 Data extraction from label references (HO)
Package: hycolor 2016/05/16 v1.8 Color options for hyperref/bookmark (HO)
)
(/usr/share/texlive/texmf-dist/tex/generic/ifxetex/ifxetex.sty
Package: ifxetex 2010/09/12 v0.6 Provides ifxetex conditional
)
(/usr/share/texlive/texmf-dist/tex/latex/oberdiek/auxhook.sty
Package: auxhook 2016/05/16 v1.4 Hooks for auxiliary files (HO)
)
(/usr/share/texlive/texmf-dist/tex/latex/oberdiek/kvoptions.sty
Package: kvoptions 2016/05/16 v3.12 Key value format for package options (HO)
)
\@linkdim=\dimen113
\Hy@linkcounter=\count105
\Hy@pagecounter=\count106

(/usr/share/texlive/texmf-dist/tex/latex/hyperref/pd1enc.def
File: pd1enc.def 2018/02/06 v6.86b Hyperref: PDFDocEncoding definition (HO)
Now handling font encoding PD1 ...
... no UTF-8 mapping file for font encoding PD1
)
\Hy@SavedSpaceFactor=\count107

(/usr/share/texlive/texmf-dist/tex/latex/latexconfig/hyperref.cfg
File: hyperref.cfg 2002/06/06 v1.2 hyperref configuration of TeXLive
)

Package hyperref Warning: Invalid value `000'
(hyperref)                for option `pdfborder'.
(hyperref)                Option setting is ignored on input line 4383.

Package hyperref Info: Hyper figures OFF on input line 4509.
Package hyperref Info: Link nesting OFF on input line 4514.
Package hyperref Info: Hyper index ON on input line 4517.
Package hyperref Info: Plain pages OFF on input line 4524.
Package hyperref Info: Backreferencing OFF on input line 4529.
Package hyperref Info: Implicit mode ON; LaTeX internals redefined.
Package hyperref Info: Bookmarks ON on input line 4762.
\c@Hy@tempcnt=\count108
(/usr/share/texlive/texmf-dist/tex/latex/url/url.sty
\Urlmuskip=\muskip10
Package: url 2013/09/16  ver 3.4  Verb mode for urls, etc.
)
LaTeX Info: Redefining \url on input line 5115.
\XeTeXLinkMargin=\dimen114
\Fld@menulength=\count109
\Field@Width=\dimen115
\Fld@charsize=\dimen116
Package hyperref Info: Hyper figures OFF on input line 6369.
Package hyperref Info: Link nesting OFF on input line 6374.
Package hyperref Info: Hyper index ON on input line 6377.
Package hyperref Info: backreferencing OFF on input line 6384.
Package hyperref Info: Link coloring OFF on input line 6389.
Package hyperref Info: Link coloring with OCG OFF on input line 6394.
Package hyperref Info: PDF/A mode OFF on input line 6399.
LaTeX Info: Redefining \ref on input line 6439.
LaTeX Info: Redefining \pageref on input line 6443.
\Hy@abspage=\count110
\c@Item=\count111
\c@Hfootnote=\count112
)
Package hyperref Info: Driver (autodetected): hpdftex.

(/usr/share/texlive/texmf-dist/tex/latex/hyperref/hpdftex.def
File: hpdftex.def 2018/02/06 v6.86b Hyperref driver for pdfTeX
\Fld@listcount=\count113
\c@bookmark@seq@number=\count114

(/usr/share/texlive/texmf-dist/tex/latex/oberdiek/rerunfilecheck.sty
Package: rerunfilecheck 2016/05/16 v1.8 Rerun checks for auxiliary files (HO)
Package uniquecounter Info: New unique counter `rerunfilecheck' on input line 2
82.
)
\Hy@SectionHShift=\skip58
)
(/usr/share/texlive/texmf-dist/tex/latex/colortbl/colortbl.sty
Package: colortbl 2012/02/13 v1.0a Color table columns (DPC)

(/usr/share/texlive/texmf-dist/tex/latex/graphics/color.sty
Package: color 2016/07/10 v1.1e Standard LaTeX Color (DPC)

(/usr/share/texlive/texmf-dist/tex/latex/graphics-cfg/color.cfg
File: color.cfg 2016/01/02 v1.6 sample color configuration
)
Package color Info: Driver file: pdftex.def on input line 147.
)
\everycr=\toks26
\minrowclearance=\skip59
)
(/usr/share/texlive/texmf-dist/tex/latex/footmisc/footmisc.sty
Package: footmisc 2011/06/06 v5.5b a miscellany of footnote facilities
\FN@temptoken=\toks27
\footnotemargin=\dimen117
\c@pp@next@reset=\count115
Package footmisc Info: Declaring symbol style bringhurst on input line 855.
Package footmisc Info: Declaring symbol style chicago on input line 863.
Package footmisc Info: Declaring symbol style wiley on input line 872.
Package footmisc Info: Declaring symbol style lamport-robust on input line 883.

Package footmisc Info: Declaring symbol style lamport* on input line 903.
Package footmisc Info: Declaring symbol style lamport*-robust on input line 924
.
)
\c@teorema=\count116
\c@ejemplo=\count117
\c@definicion=\count118

(/usr/share/texlive/texmf-dist/tex/latex/pdfpages/pdfpages.sty
Package: pdfpages 2017/10/31 v0.5l Insert pages of external PDF documents (AM)

(/usr/share/texlive/texmf-dist/tex/latex/base/ifthen.sty
Package: ifthen 2014/09/29 v1.1c Standard LaTeX ifthen package (DPC)
)
(/usr/share/texlive/texmf-dist/tex/latex/tools/calc.sty
Package: calc 2014/10/28 v4.3 Infix arithmetic (KKT,FJ)
\calc@Acount=\count119
\calc@Bcount=\count120
\calc@Adimen=\dimen118
\calc@Bdimen=\dimen119
\calc@Askip=\skip60
\calc@Bskip=\skip61
LaTeX Info: Redefining \setlength on input line 80.
LaTeX Info: Redefining \addtolength on input line 81.
\calc@Ccount=\count121
\calc@Cskip=\skip62
)
(/usr/share/texlive/texmf-dist/tex/latex/eso-pic/eso-pic.sty
Package: eso-pic 2015/07/21 v2.0g eso-pic (RN)
)
\AM@pagewidth=\dimen120
\AM@pageheight=\dimen121

(/usr/share/texlive/texmf-dist/tex/latex/pdfpages/pppdftex.def
File: pppdftex.def 2017/10/31 v0.5l Pdfpages driver for pdfTeX (AM)
)
\AM@pagebox=\box36
\AM@global@opts=\toks28
\AM@toc@title=\toks29
\c@AM@survey=\count122
\AM@templatesizebox=\box37
)
(./Proyecto.aux
LaTeX Info: Redefining \. on input line 23.
LaTeX Info: Redefining \% on input line 23.
)
\openout1 = `Proyecto.aux'.

LaTeX Font Info:    Checking defaults for OML/cmm/m/it on input line 174.
LaTeX Font Info:    ... okay on input line 174.
LaTeX Font Info:    Checking defaults for T1/cmr/m/n on input line 174.
LaTeX Font Info:    ... okay on input line 174.
LaTeX Font Info:    Checking defaults for OT1/cmr/m/n on input line 174.
LaTeX Font Info:    ... okay on input line 174.
LaTeX Font Info:    Checking defaults for OMS/cmsy/m/n on input line 174.
LaTeX Font Info:    ... okay on input line 174.
LaTeX Font Info:    Checking defaults for OMX/cmex/m/n on input line 174.
LaTeX Font Info:    ... okay on input line 174.
LaTeX Font Info:    Checking defaults for U/cmr/m/n on input line 174.
LaTeX Font Info:    ... okay on input line 174.
LaTeX Font Info:    Checking defaults for PD1/pdf/m/n on input line 174.
LaTeX Font Info:    ... okay on input line 174.
\c@lstlisting=\count123
LaTeX Info: Redefining \. on input line 174.
LaTeX Info: Redefining \% on input line 174.

(/usr/share/texlive/texmf-dist/tex/context/base/mkii/supp-pdf.mkii
[Loading MPS to PDF converter (version 2006.09.02).]
\scratchcounter=\count124
\scratchdimen=\dimen122
\scratchbox=\box38
\nofMPsegments=\count125
\nofMParguments=\count126
\everyMPshowfont=\toks30
\MPscratchCnt=\count127
\MPscratchDim=\dimen123
\MPnumerator=\count128
\makeMPintoPDFobject=\count129
\everyMPtoPDFconversion=\toks31
) (/usr/share/texlive/texmf-dist/tex/latex/oberdiek/epstopdf-base.sty
Package: epstopdf-base 2016/05/15 v2.6 Base part for package epstopdf

(/usr/share/texlive/texmf-dist/tex/latex/oberdiek/grfext.sty
Package: grfext 2016/05/16 v1.2 Manage graphics extensions (HO)
)
Package epstopdf-base Info: Redefining graphics rule for `.eps' on input line 4
38.
Package grfext Info: Graphics extension search list:
(grfext)             [.pdf,.png,.jpg,.mps,.jpeg,.jbig2,.jb2,.PDF,.PNG,.JPG,.JPE
G,.JBIG2,.JB2,.eps]
(grfext)             \AppendGraphicsExtensions on input line 456.

(/usr/share/texlive/texmf-dist/tex/latex/latexconfig/epstopdf-sys.cfg
File: epstopdf-sys.cfg 2010/07/13 v1.3 Configuration of (r)epstopdf for TeX Liv
e
))
\AtBeginShipoutBox=\box39
Package hyperref Info: Link coloring OFF on input line 174.

(/usr/share/texlive/texmf-dist/tex/latex/hyperref/nameref.sty
Package: nameref 2016/05/21 v2.44 Cross-referencing by name of section

(/usr/share/texlive/texmf-dist/tex/generic/oberdiek/gettitlestring.sty
Package: gettitlestring 2016/05/16 v1.5 Cleanup title references (HO)
)
\c@section@level=\count130
)
LaTeX Info: Redefining \ref on input line 174.
LaTeX Info: Redefining \pageref on input line 174.
LaTeX Info: Redefining \nameref on input line 174.

(./Proyecto.out) (./Proyecto.out)
\@outlinefile=\write3
\openout3 = `Proyecto.out'.


(/usr/share/texlive/texmf-dist/tex/latex/oberdiek/pdflscape.sty
Package: pdflscape 2016/05/14 v0.11 Display of landscape pages in PDF (HO)

(/usr/share/texlive/texmf-dist/tex/latex/graphics/lscape.sty
Package: lscape 2000/10/22 v3.01 Landscape Pages (DPC)
)
Package pdflscape Info: Auto-detected driver: pdftex on input line 81.
)
(./portada/portada.tex
\centeroffset=\skip63
<imagenes/Logo-uned.jpg, id=80, 602.25pt x 301.125pt>
File: imagenes/Logo-uned.jpg Graphic file (type jpg)
<use imagenes/Logo-uned.jpg>
Package pdftex.def Info: imagenes/Logo-uned.jpg  used on input line 12.
(pdftex.def)             Requested size: 251.9989pt x 125.99837pt.
LaTeX Font Info:    External font `cmex10' loaded for size
(Font)              <10.95> on input line 19.
LaTeX Font Info:    External font `cmex10' loaded for size
(Font)              <8> on input line 19.
LaTeX Font Info:    External font `cmex10' loaded for size
(Font)              <6> on input line 19.

Overfull \hbox (24.0pt too wide) in paragraph at lines 9--20
| $[]$ 
 []

<imagenes/Logo-master.png, id=81, 115.43124pt x 118.4425pt>
File: imagenes/Logo-master.png Graphic file (type png)
<use imagenes/Logo-master.png>
Package pdftex.def Info: imagenes/Logo-master.png  used on input line 27.
(pdftex.def)             Requested size: 108.0011pt x 110.81906pt.

Overfull \hbox (24.0pt too wide) in paragraph at lines 22--34
| $[]$ 
 []

Package babel Info: Redefining spanish shorthand <<
(babel)             in language  on input line 34.
Package babel Info: Redefining spanish shorthand >>
(babel)             in language  on input line 34.
Package babel Info: Redefining spanish shorthand "=
(babel)             in language  on input line 34.
Package babel Info: Redefining spanish shorthand "~
(babel)             in language  on input line 34.
Package babel Info: Redefining spanish shorthand "!
(babel)             in language  on input line 34.
Package babel Info: Redefining spanish shorthand "?
(babel)             in language  on input line 34.
Package babel Info: Redefining spanish shorthand <<
(babel)             in language  on input line 34.
Package babel Info: Redefining spanish shorthand >>
(babel)             in language  on input line 34.
Package babel Info: Redefining spanish shorthand "=
(babel)             in language  on input line 34.
Package babel Info: Redefining spanish shorthand "~
(babel)             in language  on input line 34.
Package babel Info: Redefining spanish shorthand "!
(babel)             in language  on input line 34.
Package babel Info: Redefining spanish shorthand "?
(babel)             in language  on input line 34.
[1


{/var/lib/texmf/fonts/map/pdftex/updmap/pdftex.map} <./imagenes/Logo-uned.jpg> 
<./imagenes/Logo-master.png>])
Package babel Info: Redefining spanish shorthand <<
(babel)             in language  on input line 178.
Package babel Info: Redefining spanish shorthand >>
(babel)             in language  on input line 178.
Package babel Info: Redefining spanish shorthand "=
(babel)             in language  on input line 178.
Package babel Info: Redefining spanish shorthand "~
(babel)             in language  on input line 178.
Package babel Info: Redefining spanish shorthand "!
(babel)             in language  on input line 178.
Package babel Info: Redefining spanish shorthand "?
(babel)             in language  on input line 178.
Package babel Info: Redefining spanish shorthand <<
(babel)             in language  on input line 178.
Package babel Info: Redefining spanish shorthand >>
(babel)             in language  on input line 178.
Package babel Info: Redefining spanish shorthand "=
(babel)             in language  on input line 178.
Package babel Info: Redefining spanish shorthand "~
(babel)             in language  on input line 178.
Package babel Info: Redefining spanish shorthand "!
(babel)             in language  on input line 178.
Package babel Info: Redefining spanish shorthand "?
(babel)             in language  on input line 178.
 [2

] (./Proyecto.toc
LaTeX Info: Redefining \. on input line 1.
LaTeX Info: Redefining \% on input line 1.
)
\tf@toc=\write4
\openout4 = `Proyecto.toc'.

Package babel Info: Redefining spanish shorthand <<
(babel)             in language  on input line 179.
Package babel Info: Redefining spanish shorthand >>
(babel)             in language  on input line 179.
Package babel Info: Redefining spanish shorthand "=
(babel)             in language  on input line 179.
Package babel Info: Redefining spanish shorthand "~
(babel)             in language  on input line 179.
Package babel Info: Redefining spanish shorthand "!
(babel)             in language  on input line 179.
Package babel Info: Redefining spanish shorthand "?
(babel)             in language  on input line 179.
Package babel Info: Redefining spanish shorthand <<
(babel)             in language  on input line 179.
Package babel Info: Redefining spanish shorthand >>
(babel)             in language  on input line 179.
Package babel Info: Redefining spanish shorthand "=
(babel)             in language  on input line 179.
Package babel Info: Redefining spanish shorthand "~
(babel)             in language  on input line 179.
Package babel Info: Redefining spanish shorthand "!
(babel)             in language  on input line 179.
Package babel Info: Redefining spanish shorthand "?
(babel)             in language  on input line 179.
 [3]
Package babel Info: Redefining spanish shorthand <<
(babel)             in language  on input line 179.
Package babel Info: Redefining spanish shorthand >>
(babel)             in language  on input line 179.
Package babel Info: Redefining spanish shorthand "=
(babel)             in language  on input line 179.
Package babel Info: Redefining spanish shorthand "~
(babel)             in language  on input line 179.
Package babel Info: Redefining spanish shorthand "!
(babel)             in language  on input line 179.
Package babel Info: Redefining spanish shorthand "?
(babel)             in language  on input line 179.
Package babel Info: Redefining spanish shorthand <<
(babel)             in language  on input line 179.
Package babel Info: Redefining spanish shorthand >>
(babel)             in language  on input line 179.
Package babel Info: Redefining spanish shorthand "=
(babel)             in language  on input line 179.
Package babel Info: Redefining spanish shorthand "~
(babel)             in language  on input line 179.
Package babel Info: Redefining spanish shorthand "!
(babel)             in language  on input line 179.
Package babel Info: Redefining spanish shorthand "?
(babel)             in language  on input line 179.
 [4

] (./Proyecto.lof
LaTeX Info: Redefining \. on input line 1.
LaTeX Info: Redefining \% on input line 1.
)
\tf@lof=\write5
\openout5 = `Proyecto.lof'.

Package babel Info: Redefining spanish shorthand <<
(babel)             in language  on input line 189.
Package babel Info: Redefining spanish shorthand >>
(babel)             in language  on input line 189.
Package babel Info: Redefining spanish shorthand "=
(babel)             in language  on input line 189.
Package babel Info: Redefining spanish shorthand "~
(babel)             in language  on input line 189.
Package babel Info: Redefining spanish shorthand "!
(babel)             in language  on input line 189.
Package babel Info: Redefining spanish shorthand "?
(babel)             in language  on input line 189.
Package babel Info: Redefining spanish shorthand <<
(babel)             in language  on input line 189.
Package babel Info: Redefining spanish shorthand >>
(babel)             in language  on input line 189.
Package babel Info: Redefining spanish shorthand "=
(babel)             in language  on input line 189.
Package babel Info: Redefining spanish shorthand "~
(babel)             in language  on input line 189.
Package babel Info: Redefining spanish shorthand "!
(babel)             in language  on input line 189.
Package babel Info: Redefining spanish shorthand "?
(babel)             in language  on input line 189.

[5]
Package babel Info: Redefining spanish shorthand <<
(babel)             in language  on input line 189.
Package babel Info: Redefining spanish shorthand >>
(babel)             in language  on input line 189.
Package babel Info: Redefining spanish shorthand "=
(babel)             in language  on input line 189.
Package babel Info: Redefining spanish shorthand "~
(babel)             in language  on input line 189.
Package babel Info: Redefining spanish shorthand "!
(babel)             in language  on input line 189.
Package babel Info: Redefining spanish shorthand "?
(babel)             in language  on input line 189.
Package babel Info: Redefining spanish shorthand <<
(babel)             in language  on input line 189.
Package babel Info: Redefining spanish shorthand >>
(babel)             in language  on input line 189.
Package babel Info: Redefining spanish shorthand "=
(babel)             in language  on input line 189.
Package babel Info: Redefining spanish shorthand "~
(babel)             in language  on input line 189.
Package babel Info: Redefining spanish shorthand "!
(babel)             in language  on input line 189.
Package babel Info: Redefining spanish shorthand "?
(babel)             in language  on input line 189.
 [6

]
Cap\'{\i }tulo 1.
Package babel Info: Redefining spanish shorthand <<
(babel)             in language  on input line 189.
Package babel Info: Redefining spanish shorthand >>
(babel)             in language  on input line 189.
Package babel Info: Redefining spanish shorthand "=
(babel)             in language  on input line 189.
Package babel Info: Redefining spanish shorthand "~
(babel)             in language  on input line 189.
Package babel Info: Redefining spanish shorthand "!
(babel)             in language  on input line 189.
Package babel Info: Redefining spanish shorthand "?
(babel)             in language  on input line 189.
Package babel Info: Redefining spanish shorthand <<
(babel)             in language  on input line 198.
Package babel Info: Redefining spanish shorthand >>
(babel)             in language  on input line 198.
Package babel Info: Redefining spanish shorthand "=
(babel)             in language  on input line 198.
Package babel Info: Redefining spanish shorthand "~
(babel)             in language  on input line 198.
Package babel Info: Redefining spanish shorthand "!
(babel)             in language  on input line 198.
Package babel Info: Redefining spanish shorthand "?
(babel)             in language  on input line 198.
Package babel Info: Redefining spanish shorthand <<
(babel)             in language  on input line 198.
Package babel Info: Redefining spanish shorthand >>
(babel)             in language  on input line 198.
Package babel Info: Redefining spanish shorthand "=
(babel)             in language  on input line 198.
Package babel Info: Redefining spanish shorthand "~
(babel)             in language  on input line 198.
Package babel Info: Redefining spanish shorthand "!
(babel)             in language  on input line 198.
Package babel Info: Redefining spanish shorthand "?
(babel)             in language  on input line 198.
[7]
Package babel Info: Redefining spanish shorthand <<
(babel)             in language  on input line 204.
Package babel Info: Redefining spanish shorthand >>
(babel)             in language  on input line 204.
Package babel Info: Redefining spanish shorthand "=
(babel)             in language  on input line 204.
Package babel Info: Redefining spanish shorthand "~
(babel)             in language  on input line 204.
Package babel Info: Redefining spanish shorthand "!
(babel)             in language  on input line 204.
Package babel Info: Redefining spanish shorthand "?
(babel)             in language  on input line 204.
Package babel Info: Redefining spanish shorthand <<
(babel)             in language  on input line 204.
Package babel Info: Redefining spanish shorthand >>
(babel)             in language  on input line 204.
Package babel Info: Redefining spanish shorthand "=
(babel)             in language  on input line 204.
Package babel Info: Redefining spanish shorthand "~
(babel)             in language  on input line 204.
Package babel Info: Redefining spanish shorthand "!
(babel)             in language  on input line 204.
Package babel Info: Redefining spanish shorthand "?
(babel)             in language  on input line 204.
 [8]
Cap\'{\i }tulo 2.
Package babel Info: Redefining spanish shorthand <<
(babel)             in language  on input line 204.
Package babel Info: Redefining spanish shorthand >>
(babel)             in language  on input line 204.
Package babel Info: Redefining spanish shorthand "=
(babel)             in language  on input line 204.
Package babel Info: Redefining spanish shorthand "~
(babel)             in language  on input line 204.
Package babel Info: Redefining spanish shorthand "!
(babel)             in language  on input line 204.
Package babel Info: Redefining spanish shorthand "?
(babel)             in language  on input line 204.
Package babel Info: Redefining spanish shorthand <<
(babel)             in language  on input line 212.
Package babel Info: Redefining spanish shorthand >>
(babel)             in language  on input line 212.
Package babel Info: Redefining spanish shorthand "=
(babel)             in language  on input line 212.
Package babel Info: Redefining spanish shorthand "~
(babel)             in language  on input line 212.
Package babel Info: Redefining spanish shorthand "!
(babel)             in language  on input line 212.
Package babel Info: Redefining spanish shorthand "?
(babel)             in language  on input line 212.
Package babel Info: Redefining spanish shorthand <<
(babel)             in language  on input line 212.
Package babel Info: Redefining spanish shorthand >>
(babel)             in language  on input line 212.
Package babel Info: Redefining spanish shorthand "=
(babel)             in language  on input line 212.
Package babel Info: Redefining spanish shorthand "~
(babel)             in language  on input line 212.
Package babel Info: Redefining spanish shorthand "!
(babel)             in language  on input line 212.
Package babel Info: Redefining spanish shorthand "?
(babel)             in language  on input line 212.
[9

]
Package babel Info: Redefining spanish shorthand <<
(babel)             in language  on input line 212.
Package babel Info: Redefining spanish shorthand >>
(babel)             in language  on input line 212.
Package babel Info: Redefining spanish shorthand "=
(babel)             in language  on input line 212.
Package babel Info: Redefining spanish shorthand "~
(babel)             in language  on input line 212.
Package babel Info: Redefining spanish shorthand "!
(babel)             in language  on input line 212.
Package babel Info: Redefining spanish shorthand "?
(babel)             in language  on input line 212.
Package babel Info: Redefining spanish shorthand <<
(babel)             in language  on input line 212.
Package babel Info: Redefining spanish shorthand >>
(babel)             in language  on input line 212.
Package babel Info: Redefining spanish shorthand "=
(babel)             in language  on input line 212.
Package babel Info: Redefining spanish shorthand "~
(babel)             in language  on input line 212.
Package babel Info: Redefining spanish shorthand "!
(babel)             in language  on input line 212.
Package babel Info: Redefining spanish shorthand "?
(babel)             in language  on input line 212.
 [10

]
Cap\'{\i }tulo 3.
Package babel Info: Redefining spanish shorthand <<
(babel)             in language  on input line 212.
Package babel Info: Redefining spanish shorthand >>
(babel)             in language  on input line 212.
Package babel Info: Redefining spanish shorthand "=
(babel)             in language  on input line 212.
Package babel Info: Redefining spanish shorthand "~
(babel)             in language  on input line 212.
Package babel Info: Redefining spanish shorthand "!
(babel)             in language  on input line 212.
Package babel Info: Redefining spanish shorthand "?
(babel)             in language  on input line 212.

Package hyperref Warning: Difference (2) between bookmark levels is greater 
(hyperref)                than one, level fixed on input line 216.

Package babel Info: Redefining spanish shorthand <<
(babel)             in language  on input line 216.
Package babel Info: Redefining spanish shorthand >>
(babel)             in language  on input line 216.
Package babel Info: Redefining spanish shorthand "=
(babel)             in language  on input line 216.
Package babel Info: Redefining spanish shorthand "~
(babel)             in language  on input line 216.
Package babel Info: Redefining spanish shorthand "!
(babel)             in language  on input line 216.
Package babel Info: Redefining spanish shorthand "?
(babel)             in language  on input line 216.
<imagenes/v.jpg, id=160, 746.01291pt x 559.50967pt>
File: imagenes/v.jpg Graphic file (type jpg)
<use imagenes/v.jpg>
Package pdftex.def Info: imagenes/v.jpg  used on input line 221.
(pdftex.def)             Requested size: 261.10843pt x 195.83131pt.

Underfull \vbox (badness 10000) has occurred while \output is active []

Package babel Info: Redefining spanish shorthand <<
(babel)             in language  on input line 224.
Package babel Info: Redefining spanish shorthand >>
(babel)             in language  on input line 224.
Package babel Info: Redefining spanish shorthand "=
(babel)             in language  on input line 224.
Package babel Info: Redefining spanish shorthand "~
(babel)             in language  on input line 224.
Package babel Info: Redefining spanish shorthand "!
(babel)             in language  on input line 224.
Package babel Info: Redefining spanish shorthand "?
(babel)             in language  on input line 224.
Package babel Info: Redefining spanish shorthand <<
(babel)             in language  on input line 224.
Package babel Info: Redefining spanish shorthand >>
(babel)             in language  on input line 224.
Package babel Info: Redefining spanish shorthand "=
(babel)             in language  on input line 224.
Package babel Info: Redefining spanish shorthand "~
(babel)             in language  on input line 224.
Package babel Info: Redefining spanish shorthand "!
(babel)             in language  on input line 224.
Package babel Info: Redefining spanish shorthand "?
(babel)             in language  on input line 224.
 [11]
Package babel Info: Redefining spanish shorthand <<
(babel)             in language  on input line 229.
Package babel Info: Redefining spanish shorthand >>
(babel)             in language  on input line 229.
Package babel Info: Redefining spanish shorthand "=
(babel)             in language  on input line 229.
Package babel Info: Redefining spanish shorthand "~
(babel)             in language  on input line 229.
Package babel Info: Redefining spanish shorthand "!
(babel)             in language  on input line 229.
Package babel Info: Redefining spanish shorthand "?
(babel)             in language  on input line 229.
LaTeX Info: Redefining \. on input line 232.
LaTeX Info: Redefining \% on input line 232.
Package babel Info: Redefining spanish shorthand <<
(babel)             in language  on input line 232.
Package babel Info: Redefining spanish shorthand >>
(babel)             in language  on input line 232.
Package babel Info: Redefining spanish shorthand "=
(babel)             in language  on input line 232.
Package babel Info: Redefining spanish shorthand "~
(babel)             in language  on input line 232.
Package babel Info: Redefining spanish shorthand "!
(babel)             in language  on input line 232.
Package babel Info: Redefining spanish shorthand "?
(babel)             in language  on input line 232.
Package babel Info: Redefining spanish shorthand <<
(babel)             in language  on input line 232.
Package babel Info: Redefining spanish shorthand >>
(babel)             in language  on input line 232.
Package babel Info: Redefining spanish shorthand "=
(babel)             in language  on input line 232.
Package babel Info: Redefining spanish shorthand "~
(babel)             in language  on input line 232.
Package babel Info: Redefining spanish shorthand "!
(babel)             in language  on input line 232.
Package babel Info: Redefining spanish shorthand "?
(babel)             in language  on input line 232.

[12 <./imagenes/v.jpg>]
LaTeX Info: Redefining \. on input line 232.
LaTeX Info: Redefining \% on input line 232.
Package babel Info: Redefining spanish shorthand <<
(babel)             in language  on input line 232.
Package babel Info: Redefining spanish shorthand >>
(babel)             in language  on input line 232.
Package babel Info: Redefining spanish shorthand "=
(babel)             in language  on input line 232.
Package babel Info: Redefining spanish shorthand "~
(babel)             in language  on input line 232.
Package babel Info: Redefining spanish shorthand "!
(babel)             in language  on input line 232.
Package babel Info: Redefining spanish shorthand "?
(babel)             in language  on input line 232.
Package babel Info: Redefining spanish shorthand <<
(babel)             in language  on input line 232.
Package babel Info: Redefining spanish shorthand >>
(babel)             in language  on input line 232.
Package babel Info: Redefining spanish shorthand "=
(babel)             in language  on input line 232.
Package babel Info: Redefining spanish shorthand "~
(babel)             in language  on input line 232.
Package babel Info: Redefining spanish shorthand "!
(babel)             in language  on input line 232.
Package babel Info: Redefining spanish shorthand "?
(babel)             in language  on input line 232.
 [13]
Package babel Info: Redefining spanish shorthand <<
(babel)             in language  on input line 232.
Package babel Info: Redefining spanish shorthand >>
(babel)             in language  on input line 232.
Package babel Info: Redefining spanish shorthand "=
(babel)             in language  on input line 232.
Package babel Info: Redefining spanish shorthand "~
(babel)             in language  on input line 232.
Package babel Info: Redefining spanish shorthand "!
(babel)             in language  on input line 232.
Package babel Info: Redefining spanish shorthand "?
(babel)             in language  on input line 232.
Package babel Info: Redefining spanish shorthand <<
(babel)             in language  on input line 232.
Package babel Info: Redefining spanish shorthand >>
(babel)             in language  on input line 232.
Package babel Info: Redefining spanish shorthand "=
(babel)             in language  on input line 232.
Package babel Info: Redefining spanish shorthand "~
(babel)             in language  on input line 232.
Package babel Info: Redefining spanish shorthand "!
(babel)             in language  on input line 232.
Package babel Info: Redefining spanish shorthand "?
(babel)             in language  on input line 232.
 [14

]
Cap\'{\i }tulo 4.
Package babel Info: Redefining spanish shorthand <<
(babel)             in language  on input line 232.
Package babel Info: Redefining spanish shorthand >>
(babel)             in language  on input line 232.
Package babel Info: Redefining spanish shorthand "=
(babel)             in language  on input line 232.
Package babel Info: Redefining spanish shorthand "~
(babel)             in language  on input line 232.
Package babel Info: Redefining spanish shorthand "!
(babel)             in language  on input line 232.
Package babel Info: Redefining spanish shorthand "?
(babel)             in language  on input line 232.
Package babel Info: Redefining spanish shorthand <<
(babel)             in language  on input line 236.
Package babel Info: Redefining spanish shorthand >>
(babel)             in language  on input line 236.
Package babel Info: Redefining spanish shorthand "=
(babel)             in language  on input line 236.
Package babel Info: Redefining spanish shorthand "~
(babel)             in language  on input line 236.
Package babel Info: Redefining spanish shorthand "!
(babel)             in language  on input line 236.
Package babel Info: Redefining spanish shorthand "?
(babel)             in language  on input line 236.
Package babel Info: Redefining spanish shorthand <<
(babel)             in language  on input line 242.
Package babel Info: Redefining spanish shorthand >>
(babel)             in language  on input line 242.
Package babel Info: Redefining spanish shorthand "=
(babel)             in language  on input line 242.
Package babel Info: Redefining spanish shorthand "~
(babel)             in language  on input line 242.
Package babel Info: Redefining spanish shorthand "!
(babel)             in language  on input line 242.
Package babel Info: Redefining spanish shorthand "?
(babel)             in language  on input line 242.
Package babel Info: Redefining spanish shorthand <<
(babel)             in language  on input line 245.
Package babel Info: Redefining spanish shorthand >>
(babel)             in language  on input line 245.
Package babel Info: Redefining spanish shorthand "=
(babel)             in language  on input line 245.
Package babel Info: Redefining spanish shorthand "~
(babel)             in language  on input line 245.
Package babel Info: Redefining spanish shorthand "!
(babel)             in language  on input line 245.
Package babel Info: Redefining spanish shorthand "?
(babel)             in language  on input line 245.
Package babel Info: Redefining spanish shorthand <<
(babel)             in language  on input line 245.
Package babel Info: Redefining spanish shorthand >>
(babel)             in language  on input line 245.
Package babel Info: Redefining spanish shorthand "=
(babel)             in language  on input line 245.
Package babel Info: Redefining spanish shorthand "~
(babel)             in language  on input line 245.
Package babel Info: Redefining spanish shorthand "!
(babel)             in language  on input line 245.
Package babel Info: Redefining spanish shorthand "?
(babel)             in language  on input line 245.
[15]
Package babel Info: Redefining spanish shorthand <<
(babel)             in language  on input line 255.
Package babel Info: Redefining spanish shorthand >>
(babel)             in language  on input line 255.
Package babel Info: Redefining spanish shorthand "=
(babel)             in language  on input line 255.
Package babel Info: Redefining spanish shorthand "~
(babel)             in language  on input line 255.
Package babel Info: Redefining spanish shorthand "!
(babel)             in language  on input line 255.
Package babel Info: Redefining spanish shorthand "?
(babel)             in language  on input line 255.
<imagenes/http.jpg, id=195, 321.2pt x 262.9825pt>
File: imagenes/http.jpg Graphic file (type jpg)
<use imagenes/http.jpg>
Package pdftex.def Info: imagenes/http.jpg  used on input line 261.
(pdftex.def)             Requested size: 112.42168pt x 92.04524pt.
 (/usr/share/texlive/texmf-dist/tex/latex/listings/lstlang1.sty
File: lstlang1.sty 2015/06/04 1.6 listings language file
)
LaTeX Info: Redefining \. on input line 274.
LaTeX Info: Redefining \% on input line 274.
Package babel Info: Redefining spanish shorthand <<
(babel)             in language  on input line 274.
Package babel Info: Redefining spanish shorthand >>
(babel)             in language  on input line 274.
Package babel Info: Redefining spanish shorthand "=
(babel)             in language  on input line 274.
Package babel Info: Redefining spanish shorthand "~
(babel)             in language  on input line 274.
Package babel Info: Redefining spanish shorthand "!
(babel)             in language  on input line 274.
Package babel Info: Redefining spanish shorthand "?
(babel)             in language  on input line 274.
Package babel Info: Redefining spanish shorthand <<
(babel)             in language  on input line 274.
Package babel Info: Redefining spanish shorthand >>
(babel)             in language  on input line 274.
Package babel Info: Redefining spanish shorthand "=
(babel)             in language  on input line 274.
Package babel Info: Redefining spanish shorthand "~
(babel)             in language  on input line 274.
Package babel Info: Redefining spanish shorthand "!
(babel)             in language  on input line 274.
Package babel Info: Redefining spanish shorthand "?
(babel)             in language  on input line 274.
 [16 <./imagenes/http.jpg>]
LaTeX Font Info:    External font `cmex10' loaded for size
(Font)              <5> on input line 288.
LaTeX Font Info:    Font shape `OT1/cmtt/bx/n' in size <8> not available
(Font)              Font shape `OT1/cmtt/m/n' tried instead on input line 290.
LaTeX Info: Redefining \. on input line 327.
LaTeX Info: Redefining \% on input line 327.
Package babel Info: Redefining spanish shorthand <<
(babel)             in language  on input line 327.
Package babel Info: Redefining spanish shorthand >>
(babel)             in language  on input line 327.
Package babel Info: Redefining spanish shorthand "=
(babel)             in language  on input line 327.
Package babel Info: Redefining spanish shorthand "~
(babel)             in language  on input line 327.
Package babel Info: Redefining spanish shorthand "!
(babel)             in language  on input line 327.
Package babel Info: Redefining spanish shorthand "?
(babel)             in language  on input line 327.
Package babel Info: Redefining spanish shorthand <<
(babel)             in language  on input line 327.
Package babel Info: Redefining spanish shorthand >>
(babel)             in language  on input line 327.
Package babel Info: Redefining spanish shorthand "=
(babel)             in language  on input line 327.
Package babel Info: Redefining spanish shorthand "~
(babel)             in language  on input line 327.
Package babel Info: Redefining spanish shorthand "!
(babel)             in language  on input line 327.
Package babel Info: Redefining spanish shorthand "?
(babel)             in language  on input line 327.
 [17]
Package babel Info: Redefining spanish shorthand <<
(babel)             in language  on input line 372.
Package babel Info: Redefining spanish shorthand >>
(babel)             in language  on input line 372.
Package babel Info: Redefining spanish shorthand "=
(babel)             in language  on input line 372.
Package babel Info: Redefining spanish shorthand "~
(babel)             in language  on input line 372.
Package babel Info: Redefining spanish shorthand "!
(babel)             in language  on input line 372.
Package babel Info: Redefining spanish shorthand "?
(babel)             in language  on input line 372.
LaTeX Info: Redefining \. on input line 377.
LaTeX Info: Redefining \% on input line 377.
Package babel Info: Redefining spanish shorthand <<
(babel)             in language  on input line 377.
Package babel Info: Redefining spanish shorthand >>
(babel)             in language  on input line 377.
Package babel Info: Redefining spanish shorthand "=
(babel)             in language  on input line 377.
Package babel Info: Redefining spanish shorthand "~
(babel)             in language  on input line 377.
Package babel Info: Redefining spanish shorthand "!
(babel)             in language  on input line 377.
Package babel Info: Redefining spanish shorthand "?
(babel)             in language  on input line 377.
Package babel Info: Redefining spanish shorthand <<
(babel)             in language  on input line 377.
Package babel Info: Redefining spanish shorthand >>
(babel)             in language  on input line 377.
Package babel Info: Redefining spanish shorthand "=
(babel)             in language  on input line 377.
Package babel Info: Redefining spanish shorthand "~
(babel)             in language  on input line 377.
Package babel Info: Redefining spanish shorthand "!
(babel)             in language  on input line 377.
Package babel Info: Redefining spanish shorthand "?
(babel)             in language  on input line 377.
 [18]
<imagenes/TestCase1_1.png, id=309, 679.53876pt x 692.5875pt>
File: imagenes/TestCase1_1.png Graphic file (type png)
<use imagenes/TestCase1_1.png>
Package pdftex.def Info: imagenes/TestCase1_1.png  used on input line 397.
(pdftex.def)             Requested size: 237.84213pt x 242.40926pt.
<imagenes/TestCase1_2.png, id=310, 680.5425pt x 648.4225pt>
File: imagenes/TestCase1_2.png Graphic file (type png)
<use imagenes/TestCase1_2.png>
Package pdftex.def Info: imagenes/TestCase1_2.png  used on input line 406.
(pdftex.def)             Requested size: 238.19344pt x 226.95126pt.
LaTeX Info: Redefining \. on input line 409.
LaTeX Info: Redefining \% on input line 409.
Package babel Info: Redefining spanish shorthand <<
(babel)             in language  on input line 409.
Package babel Info: Redefining spanish shorthand >>
(babel)             in language  on input line 409.
Package babel Info: Redefining spanish shorthand "=
(babel)             in language  on input line 409.
Package babel Info: Redefining spanish shorthand "~
(babel)             in language  on input line 409.
Package babel Info: Redefining spanish shorthand "!
(babel)             in language  on input line 409.
Package babel Info: Redefining spanish shorthand "?
(babel)             in language  on input line 409.
Package babel Info: Redefining spanish shorthand <<
(babel)             in language  on input line 409.
Package babel Info: Redefining spanish shorthand >>
(babel)             in language  on input line 409.
Package babel Info: Redefining spanish shorthand "=
(babel)             in language  on input line 409.
Package babel Info: Redefining spanish shorthand "~
(babel)             in language  on input line 409.
Package babel Info: Redefining spanish shorthand "!
(babel)             in language  on input line 409.
Package babel Info: Redefining spanish shorthand "?
(babel)             in language  on input line 409.
 [19 <./imagenes/TestCase1_1.png>]
<imagenes/TestCase2_2.png, id=328, 693.59125pt x 703.62875pt>
File: imagenes/TestCase2_2.png Graphic file (type png)
<use imagenes/TestCase2_2.png>
Package pdftex.def Info: imagenes/TestCase2_2.png  used on input line 443.
(pdftex.def)             Requested size: 242.76057pt x 246.27374pt.
LaTeX Info: Redefining \. on input line 446.
LaTeX Info: Redefining \% on input line 446.
Package babel Info: Redefining spanish shorthand <<
(babel)             in language  on input line 446.
Package babel Info: Redefining spanish shorthand >>
(babel)             in language  on input line 446.
Package babel Info: Redefining spanish shorthand "=
(babel)             in language  on input line 446.
Package babel Info: Redefining spanish shorthand "~
(babel)             in language  on input line 446.
Package babel Info: Redefining spanish shorthand "!
(babel)             in language  on input line 446.
Package babel Info: Redefining spanish shorthand "?
(babel)             in language  on input line 446.
Package babel Info: Redefining spanish shorthand <<
(babel)             in language  on input line 446.
Package babel Info: Redefining spanish shorthand >>
(babel)             in language  on input line 446.
Package babel Info: Redefining spanish shorthand "=
(babel)             in language  on input line 446.
Package babel Info: Redefining spanish shorthand "~
(babel)             in language  on input line 446.
Package babel Info: Redefining spanish shorthand "!
(babel)             in language  on input line 446.
Package babel Info: Redefining spanish shorthand "?
(babel)             in language  on input line 446.
 [20 <./imagenes/TestCase1_2.png>]
LaTeX Info: Redefining \. on input line 476.
LaTeX Info: Redefining \% on input line 476.
Package babel Info: Redefining spanish shorthand <<
(babel)             in language  on input line 476.
Package babel Info: Redefining spanish shorthand >>
(babel)             in language  on input line 476.
Package babel Info: Redefining spanish shorthand "=
(babel)             in language  on input line 476.
Package babel Info: Redefining spanish shorthand "~
(babel)             in language  on input line 476.
Package babel Info: Redefining spanish shorthand "!
(babel)             in language  on input line 476.
Package babel Info: Redefining spanish shorthand "?
(babel)             in language  on input line 476.
Package babel Info: Redefining spanish shorthand <<
(babel)             in language  on input line 476.
Package babel Info: Redefining spanish shorthand >>
(babel)             in language  on input line 476.
Package babel Info: Redefining spanish shorthand "=
(babel)             in language  on input line 476.
Package babel Info: Redefining spanish shorthand "~
(babel)             in language  on input line 476.
Package babel Info: Redefining spanish shorthand "!
(babel)             in language  on input line 476.
Package babel Info: Redefining spanish shorthand "?
(babel)             in language  on input line 476.
 [21 <./imagenes/TestCase2_2.png>]
LaTeX Info: Redefining \. on input line 537.
LaTeX Info: Redefining \% on input line 537.
Package babel Info: Redefining spanish shorthand <<
(babel)             in language  on input line 537.
Package babel Info: Redefining spanish shorthand >>
(babel)             in language  on input line 537.
Package babel Info: Redefining spanish shorthand "=
(babel)             in language  on input line 537.
Package babel Info: Redefining spanish shorthand "~
(babel)             in language  on input line 537.
Package babel Info: Redefining spanish shorthand "!
(babel)             in language  on input line 537.
Package babel Info: Redefining spanish shorthand "?
(babel)             in language  on input line 537.
Package babel Info: Redefining spanish shorthand <<
(babel)             in language  on input line 537.
Package babel Info: Redefining spanish shorthand >>
(babel)             in language  on input line 537.
Package babel Info: Redefining spanish shorthand "=
(babel)             in language  on input line 537.
Package babel Info: Redefining spanish shorthand "~
(babel)             in language  on input line 537.
Package babel Info: Redefining spanish shorthand "!
(babel)             in language  on input line 537.
Package babel Info: Redefining spanish shorthand "?
(babel)             in language  on input line 537.
 [22]
Underfull \vbox (badness 10000) has occurred while \output is active []

LaTeX Info: Redefining \. on input line 596.
LaTeX Info: Redefining \% on input line 596.
Package babel Info: Redefining spanish shorthand <<
(babel)             in language  on input line 596.
Package babel Info: Redefining spanish shorthand >>
(babel)             in language  on input line 596.
Package babel Info: Redefining spanish shorthand "=
(babel)             in language  on input line 596.
Package babel Info: Redefining spanish shorthand "~
(babel)             in language  on input line 596.
Package babel Info: Redefining spanish shorthand "!
(babel)             in language  on input line 596.
Package babel Info: Redefining spanish shorthand "?
(babel)             in language  on input line 596.
Package babel Info: Redefining spanish shorthand <<
(babel)             in language  on input line 596.
Package babel Info: Redefining spanish shorthand >>
(babel)             in language  on input line 596.
Package babel Info: Redefining spanish shorthand "=
(babel)             in language  on input line 596.
Package babel Info: Redefining spanish shorthand "~
(babel)             in language  on input line 596.
Package babel Info: Redefining spanish shorthand "!
(babel)             in language  on input line 596.
Package babel Info: Redefining spanish shorthand "?
(babel)             in language  on input line 596.
 [23]
Underfull \vbox (badness 10000) has occurred while \output is active []

LaTeX Info: Redefining \. on input line 655.
LaTeX Info: Redefining \% on input line 655.
Package babel Info: Redefining spanish shorthand <<
(babel)             in language  on input line 655.
Package babel Info: Redefining spanish shorthand >>
(babel)             in language  on input line 655.
Package babel Info: Redefining spanish shorthand "=
(babel)             in language  on input line 655.
Package babel Info: Redefining spanish shorthand "~
(babel)             in language  on input line 655.
Package babel Info: Redefining spanish shorthand "!
(babel)             in language  on input line 655.
Package babel Info: Redefining spanish shorthand "?
(babel)             in language  on input line 655.
Package babel Info: Redefining spanish shorthand <<
(babel)             in language  on input line 655.
Package babel Info: Redefining spanish shorthand >>
(babel)             in language  on input line 655.
Package babel Info: Redefining spanish shorthand "=
(babel)             in language  on input line 655.
Package babel Info: Redefining spanish shorthand "~
(babel)             in language  on input line 655.
Package babel Info: Redefining spanish shorthand "!
(babel)             in language  on input line 655.
Package babel Info: Redefining spanish shorthand "?
(babel)             in language  on input line 655.
 [24]
Underfull \vbox (badness 10000) has occurred while \output is active []

LaTeX Info: Redefining \. on input line 714.
LaTeX Info: Redefining \% on input line 714.
Package babel Info: Redefining spanish shorthand <<
(babel)             in language  on input line 714.
Package babel Info: Redefining spanish shorthand >>
(babel)             in language  on input line 714.
Package babel Info: Redefining spanish shorthand "=
(babel)             in language  on input line 714.
Package babel Info: Redefining spanish shorthand "~
(babel)             in language  on input line 714.
Package babel Info: Redefining spanish shorthand "!
(babel)             in language  on input line 714.
Package babel Info: Redefining spanish shorthand "?
(babel)             in language  on input line 714.
Package babel Info: Redefining spanish shorthand <<
(babel)             in language  on input line 714.
Package babel Info: Redefining spanish shorthand >>
(babel)             in language  on input line 714.
Package babel Info: Redefining spanish shorthand "=
(babel)             in language  on input line 714.
Package babel Info: Redefining spanish shorthand "~
(babel)             in language  on input line 714.
Package babel Info: Redefining spanish shorthand "!
(babel)             in language  on input line 714.
Package babel Info: Redefining spanish shorthand "?
(babel)             in language  on input line 714.
 [25]
LaTeX Info: Redefining \. on input line 730.
LaTeX Info: Redefining \% on input line 730.
Package babel Info: Redefining spanish shorthand <<
(babel)             in language  on input line 730.
Package babel Info: Redefining spanish shorthand >>
(babel)             in language  on input line 730.
Package babel Info: Redefining spanish shorthand "=
(babel)             in language  on input line 730.
Package babel Info: Redefining spanish shorthand "~
(babel)             in language  on input line 730.
Package babel Info: Redefining spanish shorthand "!
(babel)             in language  on input line 730.
Package babel Info: Redefining spanish shorthand "?
(babel)             in language  on input line 730.
Package babel Info: Redefining spanish shorthand <<
(babel)             in language  on input line 730.
Package babel Info: Redefining spanish shorthand >>
(babel)             in language  on input line 730.
Package babel Info: Redefining spanish shorthand "=
(babel)             in language  on input line 730.
Package babel Info: Redefining spanish shorthand "~
(babel)             in language  on input line 730.
Package babel Info: Redefining spanish shorthand "!
(babel)             in language  on input line 730.
Package babel Info: Redefining spanish shorthand "?
(babel)             in language  on input line 730.

[26]
Cap\'{\i }tulo 5.
Package babel Info: Redefining spanish shorthand <<
(babel)             in language  on input line 730.
Package babel Info: Redefining spanish shorthand >>
(babel)             in language  on input line 730.
Package babel Info: Redefining spanish shorthand "=
(babel)             in language  on input line 730.
Package babel Info: Redefining spanish shorthand "~
(babel)             in language  on input line 730.
Package babel Info: Redefining spanish shorthand "!
(babel)             in language  on input line 730.
Package babel Info: Redefining spanish shorthand "?
(babel)             in language  on input line 730.
Package babel Info: Redefining spanish shorthand <<
(babel)             in language  on input line 733.
Package babel Info: Redefining spanish shorthand >>
(babel)             in language  on input line 733.
Package babel Info: Redefining spanish shorthand "=
(babel)             in language  on input line 733.
Package babel Info: Redefining spanish shorthand "~
(babel)             in language  on input line 733.
Package babel Info: Redefining spanish shorthand "!
(babel)             in language  on input line 733.
Package babel Info: Redefining spanish shorthand "?
(babel)             in language  on input line 733.
Package babel Info: Redefining spanish shorthand <<
(babel)             in language  on input line 736.
Package babel Info: Redefining spanish shorthand >>
(babel)             in language  on input line 736.
Package babel Info: Redefining spanish shorthand "=
(babel)             in language  on input line 736.
Package babel Info: Redefining spanish shorthand "~
(babel)             in language  on input line 736.
Package babel Info: Redefining spanish shorthand "!
(babel)             in language  on input line 736.
Package babel Info: Redefining spanish shorthand "?
(babel)             in language  on input line 736.
Package babel Info: Redefining spanish shorthand <<
(babel)             in language  on input line 740.
Package babel Info: Redefining spanish shorthand >>
(babel)             in language  on input line 740.
Package babel Info: Redefining spanish shorthand "=
(babel)             in language  on input line 740.
Package babel Info: Redefining spanish shorthand "~
(babel)             in language  on input line 740.
Package babel Info: Redefining spanish shorthand "!
(babel)             in language  on input line 740.
Package babel Info: Redefining spanish shorthand "?
(babel)             in language  on input line 740.
Package babel Info: Redefining spanish shorthand <<
(babel)             in language  on input line 743.
Package babel Info: Redefining spanish shorthand >>
(babel)             in language  on input line 743.
Package babel Info: Redefining spanish shorthand "=
(babel)             in language  on input line 743.
Package babel Info: Redefining spanish shorthand "~
(babel)             in language  on input line 743.
Package babel Info: Redefining spanish shorthand "!
(babel)             in language  on input line 743.
Package babel Info: Redefining spanish shorthand "?
(babel)             in language  on input line 743.
Package babel Info: Redefining spanish shorthand <<
(babel)             in language  on input line 746.
Package babel Info: Redefining spanish shorthand >>
(babel)             in language  on input line 746.
Package babel Info: Redefining spanish shorthand "=
(babel)             in language  on input line 746.
Package babel Info: Redefining spanish shorthand "~
(babel)             in language  on input line 746.
Package babel Info: Redefining spanish shorthand "!
(babel)             in language  on input line 746.
Package babel Info: Redefining spanish shorthand "?
(babel)             in language  on input line 746.
Package babel Info: Redefining spanish shorthand <<
(babel)             in language  on input line 749.
Package babel Info: Redefining spanish shorthand >>
(babel)             in language  on input line 749.
Package babel Info: Redefining spanish shorthand "=
(babel)             in language  on input line 749.
Package babel Info: Redefining spanish shorthand "~
(babel)             in language  on input line 749.
Package babel Info: Redefining spanish shorthand "!
(babel)             in language  on input line 749.
Package babel Info: Redefining spanish shorthand "?
(babel)             in language  on input line 749.
Package babel Info: Redefining spanish shorthand <<
(babel)             in language  on input line 749.
Package babel Info: Redefining spanish shorthand >>
(babel)             in language  on input line 749.
Package babel Info: Redefining spanish shorthand "=
(babel)             in language  on input line 749.
Package babel Info: Redefining spanish shorthand "~
(babel)             in language  on input line 749.
Package babel Info: Redefining spanish shorthand "!
(babel)             in language  on input line 749.
Package babel Info: Redefining spanish shorthand "?
(babel)             in language  on input line 749.
[27

]
Package babel Info: Redefining spanish shorthand <<
(babel)             in language  on input line 749.
Package babel Info: Redefining spanish shorthand >>
(babel)             in language  on input line 749.
Package babel Info: Redefining spanish shorthand "=
(babel)             in language  on input line 749.
Package babel Info: Redefining spanish shorthand "~
(babel)             in language  on input line 749.
Package babel Info: Redefining spanish shorthand "!
(babel)             in language  on input line 749.
Package babel Info: Redefining spanish shorthand "?
(babel)             in language  on input line 749.
LaTeX Info: Redefining \. on input line 754.
LaTeX Info: Redefining \% on input line 754.
Package babel Info: Redefining spanish shorthand <<
(babel)             in language  on input line 754.
Package babel Info: Redefining spanish shorthand >>
(babel)             in language  on input line 754.
Package babel Info: Redefining spanish shorthand "=
(babel)             in language  on input line 754.
Package babel Info: Redefining spanish shorthand "~
(babel)             in language  on input line 754.
Package babel Info: Redefining spanish shorthand "!
(babel)             in language  on input line 754.
Package babel Info: Redefining spanish shorthand "?
(babel)             in language  on input line 754.
Package babel Info: Redefining spanish shorthand <<
(babel)             in language  on input line 754.
Package babel Info: Redefining spanish shorthand >>
(babel)             in language  on input line 754.
Package babel Info: Redefining spanish shorthand "=
(babel)             in language  on input line 754.
Package babel Info: Redefining spanish shorthand "~
(babel)             in language  on input line 754.
Package babel Info: Redefining spanish shorthand "!
(babel)             in language  on input line 754.
Package babel Info: Redefining spanish shorthand "?
(babel)             in language  on input line 754.
 [28]
Underfull \hbox (badness 5637) in paragraph at lines 778--781
[]\OT1/cmr/m/sc/10.95 Postman\OT1/cmr/m/n/10.95 , \OT1/cmr/m/it/10.95 POST-MAN 
API DE-VE-LOP-MENT []$\OT1/cmtt/m/n/10.95 https : / / www .
 []


Underfull \hbox (badness 10000) in paragraph at lines 782--785
[]\OT1/cmr/m/sc/10.95 Selenium\OT1/cmr/m/n/10.95 , \OT1/cmr/m/it/10.95 Se-le-mi
um Brow-ser Au-to-ma-tion []$\OT1/cmtt/m/n/10.95 https : / / www .
 []

Package babel Info: Redefining spanish shorthand <<
(babel)             in language  on input line 789.
Package babel Info: Redefining spanish shorthand >>
(babel)             in language  on input line 789.
Package babel Info: Redefining spanish shorthand "=
(babel)             in language  on input line 789.
Package babel Info: Redefining spanish shorthand "~
(babel)             in language  on input line 789.
Package babel Info: Redefining spanish shorthand "!
(babel)             in language  on input line 789.
Package babel Info: Redefining spanish shorthand "?
(babel)             in language  on input line 789.
Package babel Info: Redefining spanish shorthand <<
(babel)             in language  on input line 789.
Package babel Info: Redefining spanish shorthand >>
(babel)             in language  on input line 789.
Package babel Info: Redefining spanish shorthand "=
(babel)             in language  on input line 789.
Package babel Info: Redefining spanish shorthand "~
(babel)             in language  on input line 789.
Package babel Info: Redefining spanish shorthand "!
(babel)             in language  on input line 789.
Package babel Info: Redefining spanish shorthand "?
(babel)             in language  on input line 789.
[29

]
Package babel Info: Redefining spanish shorthand <<
(babel)             in language  on input line 789.
Package babel Info: Redefining spanish shorthand >>
(babel)             in language  on input line 789.
Package babel Info: Redefining spanish shorthand "=
(babel)             in language  on input line 789.
Package babel Info: Redefining spanish shorthand "~
(babel)             in language  on input line 789.
Package babel Info: Redefining spanish shorthand "!
(babel)             in language  on input line 789.
Package babel Info: Redefining spanish shorthand "?
(babel)             in language  on input line 789.
Package babel Info: Redefining spanish shorthand <<
(babel)             in language  on input line 789.
Package babel Info: Redefining spanish shorthand >>
(babel)             in language  on input line 789.
Package babel Info: Redefining spanish shorthand "=
(babel)             in language  on input line 789.
Package babel Info: Redefining spanish shorthand "~
(babel)             in language  on input line 789.
Package babel Info: Redefining spanish shorthand "!
(babel)             in language  on input line 789.
Package babel Info: Redefining spanish shorthand "?
(babel)             in language  on input line 789.
 [30

]
Cap\'{\i }tulo 6.
Package babel Info: Redefining spanish shorthand <<
(babel)             in language  on input line 789.
Package babel Info: Redefining spanish shorthand >>
(babel)             in language  on input line 789.
Package babel Info: Redefining spanish shorthand "=
(babel)             in language  on input line 789.
Package babel Info: Redefining spanish shorthand "~
(babel)             in language  on input line 789.
Package babel Info: Redefining spanish shorthand "!
(babel)             in language  on input line 789.
Package babel Info: Redefining spanish shorthand "?
(babel)             in language  on input line 789.
Package babel Info: Redefining spanish shorthand <<
(babel)             in language  on input line 791.
Package babel Info: Redefining spanish shorthand >>
(babel)             in language  on input line 791.
Package babel Info: Redefining spanish shorthand "=
(babel)             in language  on input line 791.
Package babel Info: Redefining spanish shorthand "~
(babel)             in language  on input line 791.
Package babel Info: Redefining spanish shorthand "!
(babel)             in language  on input line 791.
Package babel Info: Redefining spanish shorthand "?
(babel)             in language  on input line 791.
Package atveryend Info: Empty hook `BeforeClearDocument' on input line 835.
Package babel Info: Redefining spanish shorthand <<
(babel)             in language  on input line 835.
Package babel Info: Redefining spanish shorthand >>
(babel)             in language  on input line 835.
Package babel Info: Redefining spanish shorthand "=
(babel)             in language  on input line 835.
Package babel Info: Redefining spanish shorthand "~
(babel)             in language  on input line 835.
Package babel Info: Redefining spanish shorthand "!
(babel)             in language  on input line 835.
Package babel Info: Redefining spanish shorthand "?
(babel)             in language  on input line 835.
Package babel Info: Redefining spanish shorthand <<
(babel)             in language  on input line 835.
Package babel Info: Redefining spanish shorthand >>
(babel)             in language  on input line 835.
Package babel Info: Redefining spanish shorthand "=
(babel)             in language  on input line 835.
Package babel Info: Redefining spanish shorthand "~
(babel)             in language  on input line 835.
Package babel Info: Redefining spanish shorthand "!
(babel)             in language  on input line 835.
Package babel Info: Redefining spanish shorthand "?
(babel)             in language  on input line 835.
[31]
Package atveryend Info: Empty hook `AfterLastShipout' on input line 835.
 (./Proyecto.aux
LaTeX Info: Redefining \. on input line 23.
LaTeX Info: Redefining \% on input line 23.
)
Package atveryend Info: Executing hook `AtVeryEndDocument' on input line 835.
Package atveryend Info: Executing hook `AtEndAfterFileList' on input line 835.
Package rerunfilecheck Info: File `Proyecto.out' has not changed.
(rerunfilecheck)             Checksum: CB96563D0477DB5ADA58DAF99D7906CE;1136.
Package atveryend Info: Empty hook `AtVeryVeryEnd' on input line 835.
 ) 
Here is how much of TeX's memory you used:
 9969 strings out of 492982
 140908 string characters out of 6134896
 408879 words of memory out of 5000000
 12915 multiletter control sequences out of 15000+600000
 10092 words of font info for 36 fonts, out of 8000000 for 9000
 1141 hyphenation exceptions out of 8191
 37i,13n,43p,1177b,2168s stack positions out of 5000i,500n,10000p,200000b,80000s
</usr/share/texlive/texmf-dist/fonts/type1/public/amsfonts/cm/cmbx10.pfb></us
r/share/texlive/texmf-dist/fonts/type1/public/amsfonts/cm/cmbx12.pfb></usr/shar
e/texlive/texmf-dist/fonts/type1/public/amsfonts/cm/cmcsc10.pfb></usr/share/tex
live/texmf-dist/fonts/type1/public/amsfonts/cm/cmr10.pfb></usr/share/texlive/te
xmf-dist/fonts/type1/public/amsfonts/cm/cmr6.pfb></usr/share/texlive/texmf-dist
/fonts/type1/public/amsfonts/cm/cmti10.pfb></usr/share/texlive/texmf-dist/fonts
/type1/public/amsfonts/cm/cmtt10.pfb></usr/share/texlive/texmf-dist/fonts/type1
/public/amsfonts/cm/cmtt8.pfb>
Output written on Proyecto.pdf (31 pages, 500360 bytes).
PDF statistics:
 833 PDF objects out of 1000 (max. 8388607)
 777 compressed objects within 8 object streams
 482 named destinations out of 1000 (max. 500000)
 188 words of extra memory for PDF output out of 10000 (max. 10000000)

